This is pdfTeX, Version 3.14159265-2.6-1.40.16 (TeX Live 2015/Debian) (preloaded format=pdflatex 2018.8.8)  14 AUG 2018 12:42
entering extended mode
 restricted \write18 enabled.
 %&-line parsing enabled.
**preprint_poro_Trimonova.tex
(./preprint_poro_Trimonova.tex
LaTeX2e <2016/02/01>
Babel <3.9q> and hyphenation patterns for 10 language(s) loaded.
(/usr/share/texlive/texmf-dist/tex/latex/base/article.cls
Document Class: article 2014/09/29 v1.4h Standard LaTeX document class
(/usr/share/texlive/texmf-dist/tex/latex/base/size12.clo
File: size12.clo 2014/09/29 v1.4h Standard LaTeX file (size option)
)
\c@part=\count79
\c@section=\count80
\c@subsection=\count81
\c@subsubsection=\count82
\c@paragraph=\count83
\c@subparagraph=\count84
\c@figure=\count85
\c@table=\count86
\abovecaptionskip=\skip41
\belowcaptionskip=\skip42
\bibindent=\dimen102
)
(/usr/share/texlive/texmf-dist/tex/latex/extsizes/extsizes.sty
Package: extsizes 1996/10/08 v1.0 Non Standard LaTeX Package


Package ExtSizes Warning: It is better to use one of the extsizes classes,
 if you can.

(/usr/share/texlive/texmf-dist/tex/latex/extsizes/size14.clo
File: size14.clo 1999/11/11 v1.4a NON-Standard LaTeX file (size option)
))
(/usr/share/texlive/texmf-dist/tex/latex/tabto-ltx/tabto.sty
Package: tabto 2013/03/25  v 1.3  Another tabbing mechanism
\CurrentLineWidth=\dimen103
)
(/usr/share/texlive/texmf-dist/tex/latex/amsmath/amsmath.sty
Package: amsmath 2016/03/03 v2.15a AMS math features
\@mathmargin=\skip43

For additional information on amsmath, use the `?' option.
(/usr/share/texlive/texmf-dist/tex/latex/amsmath/amstext.sty
Package: amstext 2000/06/29 v2.01 AMS text

(/usr/share/texlive/texmf-dist/tex/latex/amsmath/amsgen.sty
File: amsgen.sty 1999/11/30 v2.0 generic functions
\@emptytoks=\toks14
\ex@=\dimen104
))
(/usr/share/texlive/texmf-dist/tex/latex/amsmath/amsbsy.sty
Package: amsbsy 1999/11/29 v1.2d Bold Symbols
\pmbraise@=\dimen105
)
(/usr/share/texlive/texmf-dist/tex/latex/amsmath/amsopn.sty
Package: amsopn 1999/12/14 v2.01 operator names
)
\inf@bad=\count87
LaTeX Info: Redefining \frac on input line 199.
\uproot@=\count88
\leftroot@=\count89
LaTeX Info: Redefining \overline on input line 297.
\classnum@=\count90
\DOTSCASE@=\count91
LaTeX Info: Redefining \ldots on input line 394.
LaTeX Info: Redefining \dots on input line 397.
LaTeX Info: Redefining \cdots on input line 518.
\Mathstrutbox@=\box26
\strutbox@=\box27
\big@size=\dimen106
LaTeX Font Info:    Redeclaring font encoding OML on input line 630.
LaTeX Font Info:    Redeclaring font encoding OMS on input line 631.
\macc@depth=\count92
\c@MaxMatrixCols=\count93
\dotsspace@=\muskip10
\c@parentequation=\count94
\dspbrk@lvl=\count95
\tag@help=\toks15
\row@=\count96
\column@=\count97
\maxfields@=\count98
\andhelp@=\toks16
\eqnshift@=\dimen107
\alignsep@=\dimen108
\tagshift@=\dimen109
\tagwidth@=\dimen110
\totwidth@=\dimen111
\lineht@=\dimen112
\@envbody=\toks17
\multlinegap=\skip44
\multlinetaggap=\skip45
\mathdisplay@stack=\toks18
LaTeX Info: Redefining \[ on input line 2735.
LaTeX Info: Redefining \] on input line 2736.
)
(/usr/share/texlive/texmf-dist/tex/latex/amsfonts/amssymb.sty
Package: amssymb 2013/01/14 v3.01 AMS font symbols

(/usr/share/texlive/texmf-dist/tex/latex/amsfonts/amsfonts.sty
Package: amsfonts 2013/01/14 v3.01 Basic AMSFonts support
\symAMSa=\mathgroup4
\symAMSb=\mathgroup5
LaTeX Font Info:    Overwriting math alphabet `\mathfrak' in version `bold'
(Font)                  U/euf/m/n --> U/euf/b/n on input line 106.
))
(/usr/share/texlive/texmf-dist/tex/latex/amscls/amsthm.sty
Package: amsthm 2015/03/04 v2.20.2
\thm@style=\toks19
\thm@bodyfont=\toks20
\thm@headfont=\toks21
\thm@notefont=\toks22
\thm@headpunct=\toks23
\thm@preskip=\skip46
\thm@postskip=\skip47
\thm@headsep=\skip48
\dth@everypar=\toks24
)
(/usr/share/texlive/texmf-dist/tex/latex/cmap/cmap.sty
Package: cmap 2008/03/06 v1.0h CMap support: searchable PDF
)
(/usr/share/texlive/texmf-dist/tex/latex/rotating/rotating.sty
Package: rotating 2009/03/28 v2.16a rotated objects in LaTeX

(/usr/share/texlive/texmf-dist/tex/latex/graphics/graphicx.sty
Package: graphicx 2014/10/28 v1.0g Enhanced LaTeX Graphics (DPC,SPQR)

(/usr/share/texlive/texmf-dist/tex/latex/graphics/keyval.sty
Package: keyval 2014/10/28 v1.15 key=value parser (DPC)
\KV@toks@=\toks25
)
(/usr/share/texlive/texmf-dist/tex/latex/graphics/graphics.sty
Package: graphics 2016/01/03 v1.0q Standard LaTeX Graphics (DPC,SPQR)

(/usr/share/texlive/texmf-dist/tex/latex/graphics/trig.sty
Package: trig 2016/01/03 v1.10 sin cos tan (DPC)
)
(/usr/share/texlive/texmf-dist/tex/latex/latexconfig/graphics.cfg
File: graphics.cfg 2010/04/23 v1.9 graphics configuration of TeX Live
)
Package graphics Info: Driver file: pdftex.def on input line 95.

(/usr/share/texlive/texmf-dist/tex/latex/pdftex-def/pdftex.def
File: pdftex.def 2011/05/27 v0.06d Graphics/color for pdfTeX

(/usr/share/texlive/texmf-dist/tex/generic/oberdiek/infwarerr.sty
Package: infwarerr 2010/04/08 v1.3 Providing info/warning/error messages (HO)
)
(/usr/share/texlive/texmf-dist/tex/generic/oberdiek/ltxcmds.sty
Package: ltxcmds 2011/11/09 v1.22 LaTeX kernel commands for general use (HO)
)
\Gread@gobject=\count99
))
\Gin@req@height=\dimen113
\Gin@req@width=\dimen114
)
(/usr/share/texlive/texmf-dist/tex/latex/base/ifthen.sty
Package: ifthen 2014/09/29 v1.1c Standard LaTeX ifthen package (DPC)
)
\c@r@tfl@t=\count100
\rotFPtop=\skip49
\rotFPbot=\skip50
\rot@float@box=\box28
\rot@mess@toks=\toks26
)
(/usr/share/texlive/texmf-dist/tex/latex/framed/framed.sty
Package: framed 2011/10/22 v 0.96: framed or shaded text with page breaks
\OuterFrameSep=\skip51
\fb@frw=\dimen115
\fb@frh=\dimen116
\FrameRule=\dimen117
\FrameSep=\dimen118
)
(/usr/share/texlive/texmf-dist/tex/latex/base/inputenc.sty
Package: inputenc 2015/03/17 v1.2c Input encoding file
\inpenc@prehook=\toks27
\inpenc@posthook=\toks28

(/usr/share/texlive/texmf-dist/tex/latex/base/utf8.def
File: utf8.def 2015/12/03 v1.1r UTF-8 support for inputenc
Now handling font encoding OML ...
... no UTF-8 mapping file for font encoding OML
Now handling font encoding T1 ...
... processing UTF-8 mapping file for font encoding T1

(/usr/share/texlive/texmf-dist/tex/latex/base/t1enc.dfu
File: t1enc.dfu 2015/12/03 v1.1r UTF-8 support for inputenc
   defining Unicode char U+00A0 (decimal 160)
   defining Unicode char U+00A1 (decimal 161)
   defining Unicode char U+00A3 (decimal 163)
   defining Unicode char U+00AB (decimal 171)
   defining Unicode char U+00AD (decimal 173)
   defining Unicode char U+00BB (decimal 187)
   defining Unicode char U+00BF (decimal 191)
   defining Unicode char U+00C0 (decimal 192)
   defining Unicode char U+00C1 (decimal 193)
   defining Unicode char U+00C2 (decimal 194)
   defining Unicode char U+00C3 (decimal 195)
   defining Unicode char U+00C4 (decimal 196)
   defining Unicode char U+00C5 (decimal 197)
   defining Unicode char U+00C6 (decimal 198)
   defining Unicode char U+00C7 (decimal 199)
   defining Unicode char U+00C8 (decimal 200)
   defining Unicode char U+00C9 (decimal 201)
   defining Unicode char U+00CA (decimal 202)
   defining Unicode char U+00CB (decimal 203)
   defining Unicode char U+00CC (decimal 204)
   defining Unicode char U+00CD (decimal 205)
   defining Unicode char U+00CE (decimal 206)
   defining Unicode char U+00CF (decimal 207)
   defining Unicode char U+00D0 (decimal 208)
   defining Unicode char U+00D1 (decimal 209)
   defining Unicode char U+00D2 (decimal 210)
   defining Unicode char U+00D3 (decimal 211)
   defining Unicode char U+00D4 (decimal 212)
   defining Unicode char U+00D5 (decimal 213)
   defining Unicode char U+00D6 (decimal 214)
   defining Unicode char U+00D8 (decimal 216)
   defining Unicode char U+00D9 (decimal 217)
   defining Unicode char U+00DA (decimal 218)
   defining Unicode char U+00DB (decimal 219)
   defining Unicode char U+00DC (decimal 220)
   defining Unicode char U+00DD (decimal 221)
   defining Unicode char U+00DE (decimal 222)
   defining Unicode char U+00DF (decimal 223)
   defining Unicode char U+00E0 (decimal 224)
   defining Unicode char U+00E1 (decimal 225)
   defining Unicode char U+00E2 (decimal 226)
   defining Unicode char U+00E3 (decimal 227)
   defining Unicode char U+00E4 (decimal 228)
   defining Unicode char U+00E5 (decimal 229)
   defining Unicode char U+00E6 (decimal 230)
   defining Unicode char U+00E7 (decimal 231)
   defining Unicode char U+00E8 (decimal 232)
   defining Unicode char U+00E9 (decimal 233)
   defining Unicode char U+00EA (decimal 234)
   defining Unicode char U+00EB (decimal 235)
   defining Unicode char U+00EC (decimal 236)
   defining Unicode char U+00ED (decimal 237)
   defining Unicode char U+00EE (decimal 238)
   defining Unicode char U+00EF (decimal 239)
   defining Unicode char U+00F0 (decimal 240)
   defining Unicode char U+00F1 (decimal 241)
   defining Unicode char U+00F2 (decimal 242)
   defining Unicode char U+00F3 (decimal 243)
   defining Unicode char U+00F4 (decimal 244)
   defining Unicode char U+00F5 (decimal 245)
   defining Unicode char U+00F6 (decimal 246)
   defining Unicode char U+00F8 (decimal 248)
   defining Unicode char U+00F9 (decimal 249)
   defining Unicode char U+00FA (decimal 250)
   defining Unicode char U+00FB (decimal 251)
   defining Unicode char U+00FC (decimal 252)
   defining Unicode char U+00FD (decimal 253)
   defining Unicode char U+00FE (decimal 254)
   defining Unicode char U+00FF (decimal 255)
   defining Unicode char U+0100 (decimal 256)
   defining Unicode char U+0101 (decimal 257)
   defining Unicode char U+0102 (decimal 258)
   defining Unicode char U+0103 (decimal 259)
   defining Unicode char U+0104 (decimal 260)
   defining Unicode char U+0105 (decimal 261)
   defining Unicode char U+0106 (decimal 262)
   defining Unicode char U+0107 (decimal 263)
   defining Unicode char U+0108 (decimal 264)
   defining Unicode char U+0109 (decimal 265)
   defining Unicode char U+010A (decimal 266)
   defining Unicode char U+010B (decimal 267)
   defining Unicode char U+010C (decimal 268)
   defining Unicode char U+010D (decimal 269)
   defining Unicode char U+010E (decimal 270)
   defining Unicode char U+010F (decimal 271)
   defining Unicode char U+0110 (decimal 272)
   defining Unicode char U+0111 (decimal 273)
   defining Unicode char U+0112 (decimal 274)
   defining Unicode char U+0113 (decimal 275)
   defining Unicode char U+0114 (decimal 276)
   defining Unicode char U+0115 (decimal 277)
   defining Unicode char U+0116 (decimal 278)
   defining Unicode char U+0117 (decimal 279)
   defining Unicode char U+0118 (decimal 280)
   defining Unicode char U+0119 (decimal 281)
   defining Unicode char U+011A (decimal 282)
   defining Unicode char U+011B (decimal 283)
   defining Unicode char U+011C (decimal 284)
   defining Unicode char U+011D (decimal 285)
   defining Unicode char U+011E (decimal 286)
   defining Unicode char U+011F (decimal 287)
   defining Unicode char U+0120 (decimal 288)
   defining Unicode char U+0121 (decimal 289)
   defining Unicode char U+0122 (decimal 290)
   defining Unicode char U+0123 (decimal 291)
   defining Unicode char U+0124 (decimal 292)
   defining Unicode char U+0125 (decimal 293)
   defining Unicode char U+0128 (decimal 296)
   defining Unicode char U+0129 (decimal 297)
   defining Unicode char U+012A (decimal 298)
   defining Unicode char U+012B (decimal 299)
   defining Unicode char U+012C (decimal 300)
   defining Unicode char U+012D (decimal 301)
   defining Unicode char U+012E (decimal 302)
   defining Unicode char U+012F (decimal 303)
   defining Unicode char U+0130 (decimal 304)
   defining Unicode char U+0131 (decimal 305)
   defining Unicode char U+0132 (decimal 306)
   defining Unicode char U+0133 (decimal 307)
   defining Unicode char U+0134 (decimal 308)
   defining Unicode char U+0135 (decimal 309)
   defining Unicode char U+0136 (decimal 310)
   defining Unicode char U+0137 (decimal 311)
   defining Unicode char U+0139 (decimal 313)
   defining Unicode char U+013A (decimal 314)
   defining Unicode char U+013B (decimal 315)
   defining Unicode char U+013C (decimal 316)
   defining Unicode char U+013D (decimal 317)
   defining Unicode char U+013E (decimal 318)
   defining Unicode char U+0141 (decimal 321)
   defining Unicode char U+0142 (decimal 322)
   defining Unicode char U+0143 (decimal 323)
   defining Unicode char U+0144 (decimal 324)
   defining Unicode char U+0145 (decimal 325)
   defining Unicode char U+0146 (decimal 326)
   defining Unicode char U+0147 (decimal 327)
   defining Unicode char U+0148 (decimal 328)
   defining Unicode char U+014A (decimal 330)
   defining Unicode char U+014B (decimal 331)
   defining Unicode char U+014C (decimal 332)
   defining Unicode char U+014D (decimal 333)
   defining Unicode char U+014E (decimal 334)
   defining Unicode char U+014F (decimal 335)
   defining Unicode char U+0150 (decimal 336)
   defining Unicode char U+0151 (decimal 337)
   defining Unicode char U+0152 (decimal 338)
   defining Unicode char U+0153 (decimal 339)
   defining Unicode char U+0154 (decimal 340)
   defining Unicode char U+0155 (decimal 341)
   defining Unicode char U+0156 (decimal 342)
   defining Unicode char U+0157 (decimal 343)
   defining Unicode char U+0158 (decimal 344)
   defining Unicode char U+0159 (decimal 345)
   defining Unicode char U+015A (decimal 346)
   defining Unicode char U+015B (decimal 347)
   defining Unicode char U+015C (decimal 348)
   defining Unicode char U+015D (decimal 349)
   defining Unicode char U+015E (decimal 350)
   defining Unicode char U+015F (decimal 351)
   defining Unicode char U+0160 (decimal 352)
   defining Unicode char U+0161 (decimal 353)
   defining Unicode char U+0162 (decimal 354)
   defining Unicode char U+0163 (decimal 355)
   defining Unicode char U+0164 (decimal 356)
   defining Unicode char U+0165 (decimal 357)
   defining Unicode char U+0168 (decimal 360)
   defining Unicode char U+0169 (decimal 361)
   defining Unicode char U+016A (decimal 362)
   defining Unicode char U+016B (decimal 363)
   defining Unicode char U+016C (decimal 364)
   defining Unicode char U+016D (decimal 365)
   defining Unicode char U+016E (decimal 366)
   defining Unicode char U+016F (decimal 367)
   defining Unicode char U+0170 (decimal 368)
   defining Unicode char U+0171 (decimal 369)
   defining Unicode char U+0172 (decimal 370)
   defining Unicode char U+0173 (decimal 371)
   defining Unicode char U+0174 (decimal 372)
   defining Unicode char U+0175 (decimal 373)
   defining Unicode char U+0176 (decimal 374)
   defining Unicode char U+0177 (decimal 375)
   defining Unicode char U+0178 (decimal 376)
   defining Unicode char U+0179 (decimal 377)
   defining Unicode char U+017A (decimal 378)
   defining Unicode char U+017B (decimal 379)
   defining Unicode char U+017C (decimal 380)
   defining Unicode char U+017D (decimal 381)
   defining Unicode char U+017E (decimal 382)
   defining Unicode char U+01CD (decimal 461)
   defining Unicode char U+01CE (decimal 462)
   defining Unicode char U+01CF (decimal 463)
   defining Unicode char U+01D0 (decimal 464)
   defining Unicode char U+01D1 (decimal 465)
   defining Unicode char U+01D2 (decimal 466)
   defining Unicode char U+01D3 (decimal 467)
   defining Unicode char U+01D4 (decimal 468)
   defining Unicode char U+01E2 (decimal 482)
   defining Unicode char U+01E3 (decimal 483)
   defining Unicode char U+01E6 (decimal 486)
   defining Unicode char U+01E7 (decimal 487)
   defining Unicode char U+01E8 (decimal 488)
   defining Unicode char U+01E9 (decimal 489)
   defining Unicode char U+01EA (decimal 490)
   defining Unicode char U+01EB (decimal 491)
   defining Unicode char U+01F0 (decimal 496)
   defining Unicode char U+01F4 (decimal 500)
   defining Unicode char U+01F5 (decimal 501)
   defining Unicode char U+0218 (decimal 536)
   defining Unicode char U+0219 (decimal 537)
   defining Unicode char U+021A (decimal 538)
   defining Unicode char U+021B (decimal 539)
   defining Unicode char U+01E02 (decimal 7682)
   defining Unicode char U+01E03 (decimal 7683)
   defining Unicode char U+200C (decimal 8204)
   defining Unicode char U+2013 (decimal 8211)
   defining Unicode char U+2014 (decimal 8212)
   defining Unicode char U+2018 (decimal 8216)
   defining Unicode char U+2019 (decimal 8217)
   defining Unicode char U+201A (decimal 8218)
   defining Unicode char U+201C (decimal 8220)
   defining Unicode char U+201D (decimal 8221)
   defining Unicode char U+201E (decimal 8222)
   defining Unicode char U+2030 (decimal 8240)
   defining Unicode char U+2031 (decimal 8241)
   defining Unicode char U+2039 (decimal 8249)
   defining Unicode char U+203A (decimal 8250)
   defining Unicode char U+2423 (decimal 9251)
)
Now handling font encoding OT1 ...
... processing UTF-8 mapping file for font encoding OT1

(/usr/share/texlive/texmf-dist/tex/latex/base/ot1enc.dfu
File: ot1enc.dfu 2015/12/03 v1.1r UTF-8 support for inputenc
   defining Unicode char U+00A0 (decimal 160)
   defining Unicode char U+00A1 (decimal 161)
   defining Unicode char U+00A3 (decimal 163)
   defining Unicode char U+00AD (decimal 173)
   defining Unicode char U+00B8 (decimal 184)
   defining Unicode char U+00BF (decimal 191)
   defining Unicode char U+00C5 (decimal 197)
   defining Unicode char U+00C6 (decimal 198)
   defining Unicode char U+00D8 (decimal 216)
   defining Unicode char U+00DF (decimal 223)
   defining Unicode char U+00E6 (decimal 230)
   defining Unicode char U+00EC (decimal 236)
   defining Unicode char U+00ED (decimal 237)
   defining Unicode char U+00EE (decimal 238)
   defining Unicode char U+00EF (decimal 239)
   defining Unicode char U+00F8 (decimal 248)
   defining Unicode char U+0131 (decimal 305)
   defining Unicode char U+0141 (decimal 321)
   defining Unicode char U+0142 (decimal 322)
   defining Unicode char U+0152 (decimal 338)
   defining Unicode char U+0153 (decimal 339)
   defining Unicode char U+0174 (decimal 372)
   defining Unicode char U+0175 (decimal 373)
   defining Unicode char U+0176 (decimal 374)
   defining Unicode char U+0177 (decimal 375)
   defining Unicode char U+0218 (decimal 536)
   defining Unicode char U+0219 (decimal 537)
   defining Unicode char U+021A (decimal 538)
   defining Unicode char U+021B (decimal 539)
   defining Unicode char U+2013 (decimal 8211)
   defining Unicode char U+2014 (decimal 8212)
   defining Unicode char U+2018 (decimal 8216)
   defining Unicode char U+2019 (decimal 8217)
   defining Unicode char U+201C (decimal 8220)
   defining Unicode char U+201D (decimal 8221)
)
Now handling font encoding OMS ...
... processing UTF-8 mapping file for font encoding OMS

(/usr/share/texlive/texmf-dist/tex/latex/base/omsenc.dfu
File: omsenc.dfu 2015/12/03 v1.1r UTF-8 support for inputenc
   defining Unicode char U+00A7 (decimal 167)
   defining Unicode char U+00B6 (decimal 182)
   defining Unicode char U+00B7 (decimal 183)
   defining Unicode char U+2020 (decimal 8224)
   defining Unicode char U+2021 (decimal 8225)
   defining Unicode char U+2022 (decimal 8226)
)
Now handling font encoding OMX ...
... no UTF-8 mapping file for font encoding OMX
Now handling font encoding U ...
... no UTF-8 mapping file for font encoding U
   defining Unicode char U+00A9 (decimal 169)
   defining Unicode char U+00AA (decimal 170)
   defining Unicode char U+00AE (decimal 174)
   defining Unicode char U+00BA (decimal 186)
   defining Unicode char U+02C6 (decimal 710)
   defining Unicode char U+02DC (decimal 732)
   defining Unicode char U+200C (decimal 8204)
   defining Unicode char U+2026 (decimal 8230)
   defining Unicode char U+2122 (decimal 8482)
   defining Unicode char U+2423 (decimal 9251)
))
(/usr/share/texlive/texmf-dist/tex/generic/babel/babel.sty
Package: babel 2016/02/24 3.9q The Babel package

(/usr/share/texlive/texmf-dist/tex/generic/babel-russian/russianb.ldf
Language: russianb 2016/02/18 1.3h Russian support for the Babel system

(/usr/share/texlive/texmf-dist/tex/generic/babel/babel.def
File: babel.def 2016/02/24 3.9q Babel common definitions
\babel@savecnt=\count101
\U@D=\dimen119
)

Package babel Warning: No Cyrillic font encoding has been loaded so far.
(babel)                A font encoding should be declared before babel.
(babel)                Default `T2A' encoding will be loaded  on input line 69.


(/usr/share/texlive/texmf-dist/tex/latex/cyrillic/t2aenc.def
File: t2aenc.def 2005/09/27 v1.0i Cyrillic encoding definition file
Now handling font encoding T2A ...
... processing UTF-8 mapping file for font encoding T2A

(/usr/share/texlive/texmf-dist/tex/latex/base/t2aenc.dfu
File: t2aenc.dfu 2015/12/03 v1.1r UTF-8 support for inputenc
   defining Unicode char U+00A4 (decimal 164)
   defining Unicode char U+00A7 (decimal 167)
   defining Unicode char U+00AB (decimal 171)
   defining Unicode char U+00BB (decimal 187)
   defining Unicode char U+0131 (decimal 305)
   defining Unicode char U+0400 (decimal 1024)
   defining Unicode char U+0401 (decimal 1025)
   defining Unicode char U+0402 (decimal 1026)
   defining Unicode char U+0403 (decimal 1027)
   defining Unicode char U+0404 (decimal 1028)
   defining Unicode char U+0405 (decimal 1029)
   defining Unicode char U+0406 (decimal 1030)
   defining Unicode char U+0407 (decimal 1031)
   defining Unicode char U+0408 (decimal 1032)
   defining Unicode char U+0409 (decimal 1033)
   defining Unicode char U+040A (decimal 1034)
   defining Unicode char U+040B (decimal 1035)
   defining Unicode char U+040C (decimal 1036)
   defining Unicode char U+040D (decimal 1037)
   defining Unicode char U+040E (decimal 1038)
   defining Unicode char U+040F (decimal 1039)
   defining Unicode char U+0410 (decimal 1040)
   defining Unicode char U+0411 (decimal 1041)
   defining Unicode char U+0412 (decimal 1042)
   defining Unicode char U+0413 (decimal 1043)
   defining Unicode char U+0414 (decimal 1044)
   defining Unicode char U+0415 (decimal 1045)
   defining Unicode char U+0416 (decimal 1046)
   defining Unicode char U+0417 (decimal 1047)
   defining Unicode char U+0418 (decimal 1048)
   defining Unicode char U+0419 (decimal 1049)
   defining Unicode char U+041A (decimal 1050)
   defining Unicode char U+041B (decimal 1051)
   defining Unicode char U+041C (decimal 1052)
   defining Unicode char U+041D (decimal 1053)
   defining Unicode char U+041E (decimal 1054)
   defining Unicode char U+041F (decimal 1055)
   defining Unicode char U+0420 (decimal 1056)
   defining Unicode char U+0421 (decimal 1057)
   defining Unicode char U+0422 (decimal 1058)
   defining Unicode char U+0423 (decimal 1059)
   defining Unicode char U+0424 (decimal 1060)
   defining Unicode char U+0425 (decimal 1061)
   defining Unicode char U+0426 (decimal 1062)
   defining Unicode char U+0427 (decimal 1063)
   defining Unicode char U+0428 (decimal 1064)
   defining Unicode char U+0429 (decimal 1065)
   defining Unicode char U+042A (decimal 1066)
   defining Unicode char U+042B (decimal 1067)
   defining Unicode char U+042C (decimal 1068)
   defining Unicode char U+042D (decimal 1069)
   defining Unicode char U+042E (decimal 1070)
   defining Unicode char U+042F (decimal 1071)
   defining Unicode char U+0430 (decimal 1072)
   defining Unicode char U+0431 (decimal 1073)
   defining Unicode char U+0432 (decimal 1074)
   defining Unicode char U+0433 (decimal 1075)
   defining Unicode char U+0434 (decimal 1076)
   defining Unicode char U+0435 (decimal 1077)
   defining Unicode char U+0436 (decimal 1078)
   defining Unicode char U+0437 (decimal 1079)
   defining Unicode char U+0438 (decimal 1080)
   defining Unicode char U+0439 (decimal 1081)
   defining Unicode char U+043A (decimal 1082)
   defining Unicode char U+043B (decimal 1083)
   defining Unicode char U+043C (decimal 1084)
   defining Unicode char U+043D (decimal 1085)
   defining Unicode char U+043E (decimal 1086)
   defining Unicode char U+043F (decimal 1087)
   defining Unicode char U+0440 (decimal 1088)
   defining Unicode char U+0441 (decimal 1089)
   defining Unicode char U+0442 (decimal 1090)
   defining Unicode char U+0443 (decimal 1091)
   defining Unicode char U+0444 (decimal 1092)
   defining Unicode char U+0445 (decimal 1093)
   defining Unicode char U+0446 (decimal 1094)
   defining Unicode char U+0447 (decimal 1095)
   defining Unicode char U+0448 (decimal 1096)
   defining Unicode char U+0449 (decimal 1097)
   defining Unicode char U+044A (decimal 1098)
   defining Unicode char U+044B (decimal 1099)
   defining Unicode char U+044C (decimal 1100)
   defining Unicode char U+044D (decimal 1101)
   defining Unicode char U+044E (decimal 1102)
   defining Unicode char U+044F (decimal 1103)
   defining Unicode char U+0450 (decimal 1104)
   defining Unicode char U+0451 (decimal 1105)
   defining Unicode char U+0452 (decimal 1106)
   defining Unicode char U+0453 (decimal 1107)
   defining Unicode char U+0454 (decimal 1108)
   defining Unicode char U+0455 (decimal 1109)
   defining Unicode char U+0456 (decimal 1110)
   defining Unicode char U+0457 (decimal 1111)
   defining Unicode char U+0458 (decimal 1112)
   defining Unicode char U+0459 (decimal 1113)
   defining Unicode char U+045A (decimal 1114)
   defining Unicode char U+045B (decimal 1115)
   defining Unicode char U+045C (decimal 1116)
   defining Unicode char U+045D (decimal 1117)
   defining Unicode char U+045E (decimal 1118)
   defining Unicode char U+045F (decimal 1119)
   defining Unicode char U+0490 (decimal 1168)
   defining Unicode char U+0491 (decimal 1169)
   defining Unicode char U+0492 (decimal 1170)
   defining Unicode char U+0493 (decimal 1171)
   defining Unicode char U+0496 (decimal 1174)
   defining Unicode char U+0497 (decimal 1175)
   defining Unicode char U+0498 (decimal 1176)
   defining Unicode char U+0499 (decimal 1177)
   defining Unicode char U+049A (decimal 1178)
   defining Unicode char U+049B (decimal 1179)
   defining Unicode char U+049C (decimal 1180)
   defining Unicode char U+049D (decimal 1181)
   defining Unicode char U+04A0 (decimal 1184)
   defining Unicode char U+04A1 (decimal 1185)
   defining Unicode char U+04A2 (decimal 1186)
   defining Unicode char U+04A3 (decimal 1187)
   defining Unicode char U+04A4 (decimal 1188)
   defining Unicode char U+04A5 (decimal 1189)
   defining Unicode char U+04AA (decimal 1194)
   defining Unicode char U+04AB (decimal 1195)
   defining Unicode char U+04AE (decimal 1198)
   defining Unicode char U+04AF (decimal 1199)
   defining Unicode char U+04B0 (decimal 1200)
   defining Unicode char U+04B1 (decimal 1201)
   defining Unicode char U+04B2 (decimal 1202)
   defining Unicode char U+04B3 (decimal 1203)
   defining Unicode char U+04B6 (decimal 1206)
   defining Unicode char U+04B7 (decimal 1207)
   defining Unicode char U+04B8 (decimal 1208)
   defining Unicode char U+04B9 (decimal 1209)
   defining Unicode char U+04BA (decimal 1210)
   defining Unicode char U+04BB (decimal 1211)
   defining Unicode char U+04C0 (decimal 1216)
   defining Unicode char U+04C1 (decimal 1217)
   defining Unicode char U+04C2 (decimal 1218)
   defining Unicode char U+04D0 (decimal 1232)
   defining Unicode char U+04D1 (decimal 1233)
   defining Unicode char U+04D2 (decimal 1234)
   defining Unicode char U+04D3 (decimal 1235)
   defining Unicode char U+04D4 (decimal 1236)
   defining Unicode char U+04D5 (decimal 1237)
   defining Unicode char U+04D6 (decimal 1238)
   defining Unicode char U+04D7 (decimal 1239)
   defining Unicode char U+04D8 (decimal 1240)
   defining Unicode char U+04D9 (decimal 1241)
   defining Unicode char U+04DA (decimal 1242)
   defining Unicode char U+04DB (decimal 1243)
   defining Unicode char U+04DC (decimal 1244)
   defining Unicode char U+04DD (decimal 1245)
   defining Unicode char U+04DE (decimal 1246)
   defining Unicode char U+04DF (decimal 1247)
   defining Unicode char U+04E2 (decimal 1250)
   defining Unicode char U+04E3 (decimal 1251)
   defining Unicode char U+04E4 (decimal 1252)
   defining Unicode char U+04E5 (decimal 1253)
   defining Unicode char U+04E6 (decimal 1254)
   defining Unicode char U+04E7 (decimal 1255)
   defining Unicode char U+04E8 (decimal 1256)
   defining Unicode char U+04E9 (decimal 1257)
   defining Unicode char U+04EC (decimal 1260)
   defining Unicode char U+04ED (decimal 1261)
   defining Unicode char U+04EE (decimal 1262)
   defining Unicode char U+04EF (decimal 1263)
   defining Unicode char U+04F0 (decimal 1264)
   defining Unicode char U+04F1 (decimal 1265)
   defining Unicode char U+04F2 (decimal 1266)
   defining Unicode char U+04F3 (decimal 1267)
   defining Unicode char U+04F4 (decimal 1268)
   defining Unicode char U+04F5 (decimal 1269)
   defining Unicode char U+04F8 (decimal 1272)
   defining Unicode char U+04F9 (decimal 1273)
   defining Unicode char U+200C (decimal 8204)
   defining Unicode char U+2013 (decimal 8211)
   defining Unicode char U+2014 (decimal 8212)
   defining Unicode char U+2018 (decimal 8216)
   defining Unicode char U+2019 (decimal 8217)
   defining Unicode char U+201C (decimal 8220)
   defining Unicode char U+201D (decimal 8221)
   defining Unicode char U+201E (decimal 8222)
   defining Unicode char U+2030 (decimal 8240)
   defining Unicode char U+2031 (decimal 8241)
   defining Unicode char U+2116 (decimal 8470)
   defining Unicode char U+2329 (decimal 9001)
   defining Unicode char U+232A (decimal 9002)
   defining Unicode char U+2423 (decimal 9251)
))
Package babel Info: Making " an active character on input line 111.
))
(/usr/share/texlive/texmf-dist/tex/latex/hyperref/hyperref.sty
Package: hyperref 2012/11/06 v6.83m Hypertext links for LaTeX

(/usr/share/texlive/texmf-dist/tex/generic/oberdiek/hobsub-hyperref.sty
Package: hobsub-hyperref 2012/05/28 v1.13 Bundle oberdiek, subset hyperref (HO)


(/usr/share/texlive/texmf-dist/tex/generic/oberdiek/hobsub-generic.sty
Package: hobsub-generic 2012/05/28 v1.13 Bundle oberdiek, subset generic (HO)
Package: hobsub 2012/05/28 v1.13 Construct package bundles (HO)
Package hobsub Info: Skipping package `infwarerr' (already loaded).
Package hobsub Info: Skipping package `ltxcmds' (already loaded).
Package: ifluatex 2010/03/01 v1.3 Provides the ifluatex switch (HO)
Package ifluatex Info: LuaTeX not detected.
Package: ifvtex 2010/03/01 v1.5 Detect VTeX and its facilities (HO)
Package ifvtex Info: VTeX not detected.
Package: intcalc 2007/09/27 v1.1 Expandable calculations with integers (HO)
Package: ifpdf 2011/01/30 v2.3 Provides the ifpdf switch (HO)
Package ifpdf Info: pdfTeX in PDF mode is detected.
Package: etexcmds 2011/02/16 v1.5 Avoid name clashes with e-TeX commands (HO)
Package etexcmds Info: Could not find \expanded.
(etexcmds)             That can mean that you are not using pdfTeX 1.50 or
(etexcmds)             that some package has redefined \expanded.
(etexcmds)             In the latter case, load this package earlier.
Package: kvsetkeys 2012/04/25 v1.16 Key value parser (HO)
Package: kvdefinekeys 2011/04/07 v1.3 Define keys (HO)
Package: pdftexcmds 2011/11/29 v0.20 Utility functions of pdfTeX for LuaTeX (HO
)
Package pdftexcmds Info: LuaTeX not detected.
Package pdftexcmds Info: \pdf@primitive is available.
Package pdftexcmds Info: \pdf@ifprimitive is available.
Package pdftexcmds Info: \pdfdraftmode found.
Package: pdfescape 2011/11/25 v1.13 Implements pdfTeX's escape features (HO)
Package: bigintcalc 2012/04/08 v1.3 Expandable calculations on big integers (HO
)
Package: bitset 2011/01/30 v1.1 Handle bit-vector datatype (HO)
Package: uniquecounter 2011/01/30 v1.2 Provide unlimited unique counter (HO)
)
Package hobsub Info: Skipping package `hobsub' (already loaded).
Package: letltxmacro 2010/09/02 v1.4 Let assignment for LaTeX macros (HO)
Package: hopatch 2012/05/28 v1.2 Wrapper for package hooks (HO)
Package: xcolor-patch 2011/01/30 xcolor patch
Package: atveryend 2011/06/30 v1.8 Hooks at the very end of document (HO)
Package atveryend Info: \enddocument detected (standard20110627).
Package: atbegshi 2011/10/05 v1.16 At begin shipout hook (HO)
Package: refcount 2011/10/16 v3.4 Data extraction from label references (HO)
Package: hycolor 2011/01/30 v1.7 Color options for hyperref/bookmark (HO)
)
(/usr/share/texlive/texmf-dist/tex/generic/ifxetex/ifxetex.sty
Package: ifxetex 2010/09/12 v0.6 Provides ifxetex conditional
)
(/usr/share/texlive/texmf-dist/tex/latex/oberdiek/auxhook.sty
Package: auxhook 2011/03/04 v1.3 Hooks for auxiliary files (HO)
)
(/usr/share/texlive/texmf-dist/tex/latex/oberdiek/kvoptions.sty
Package: kvoptions 2011/06/30 v3.11 Key value format for package options (HO)
)
\@linkdim=\dimen120
\Hy@linkcounter=\count102
\Hy@pagecounter=\count103

(/usr/share/texlive/texmf-dist/tex/latex/hyperref/pd1enc.def
File: pd1enc.def 2012/11/06 v6.83m Hyperref: PDFDocEncoding definition (HO)
Now handling font encoding PD1 ...
... no UTF-8 mapping file for font encoding PD1
)
\Hy@SavedSpaceFactor=\count104
Package hyperref Info: Option `unicode' set `true' on input line 3411.

(/usr/share/texlive/texmf-dist/tex/latex/hyperref/puenc.def
File: puenc.def 2012/11/06 v6.83m Hyperref: PDF Unicode definition (HO)
Now handling font encoding PU ...
... no UTF-8 mapping file for font encoding PU
)
(/usr/share/texlive/texmf-dist/tex/latex/latexconfig/hyperref.cfg
File: hyperref.cfg 2002/06/06 v1.2 hyperref configuration of TeXLive
)
Package hyperref Info: Option `unicode' set `true' on input line 4319.
Package hyperref Info: Hyper figures OFF on input line 4443.
Package hyperref Info: Link nesting OFF on input line 4448.
Package hyperref Info: Hyper index ON on input line 4451.
Package hyperref Info: Plain pages OFF on input line 4458.
Package hyperref Info: Backreferencing OFF on input line 4463.
Package hyperref Info: Implicit mode ON; LaTeX internals redefined.
Package hyperref Info: Bookmarks ON on input line 4688.
\c@Hy@tempcnt=\count105

(/usr/share/texlive/texmf-dist/tex/latex/url/url.sty
\Urlmuskip=\muskip11
Package: url 2013/09/16  ver 3.4  Verb mode for urls, etc.
)
LaTeX Info: Redefining \url on input line 5041.
\XeTeXLinkMargin=\dimen121
\Fld@menulength=\count106
\Field@Width=\dimen122
\Fld@charsize=\dimen123
Package hyperref Info: Hyper figures OFF on input line 6295.
Package hyperref Info: Link nesting OFF on input line 6300.
Package hyperref Info: Hyper index ON on input line 6303.
Package hyperref Info: backreferencing OFF on input line 6310.
Package hyperref Info: Link coloring OFF on input line 6315.
Package hyperref Info: Link coloring with OCG OFF on input line 6320.
Package hyperref Info: PDF/A mode OFF on input line 6325.
LaTeX Info: Redefining \ref on input line 6365.
LaTeX Info: Redefining \pageref on input line 6369.
\Hy@abspage=\count107
\c@Item=\count108
\c@Hfootnote=\count109
)

Package hyperref Message: Driver: hpdftex.

(/usr/share/texlive/texmf-dist/tex/latex/hyperref/hpdftex.def
File: hpdftex.def 2012/11/06 v6.83m Hyperref driver for pdfTeX
\Fld@listcount=\count110
\c@bookmark@seq@number=\count111

(/usr/share/texlive/texmf-dist/tex/latex/oberdiek/rerunfilecheck.sty
Package: rerunfilecheck 2011/04/15 v1.7 Rerun checks for auxiliary files (HO)
Package uniquecounter Info: New unique counter `rerunfilecheck' on input line 2
82.
)
\Hy@SectionHShift=\skip52
)
(/usr/share/texlive/texmf-dist/tex/latex/geometry/geometry.sty
Package: geometry 2010/09/12 v5.6 Page Geometry
\Gm@cnth=\count112
\Gm@cntv=\count113
\c@Gm@tempcnt=\count114
\Gm@bindingoffset=\dimen124
\Gm@wd@mp=\dimen125
\Gm@odd@mp=\dimen126
\Gm@even@mp=\dimen127
\Gm@layoutwidth=\dimen128
\Gm@layoutheight=\dimen129
\Gm@layouthoffset=\dimen130
\Gm@layoutvoffset=\dimen131
\Gm@dimlist=\toks29
)
(/usr/share/texlive/texmf-dist/tex/latex/tools/indentfirst.sty
Package: indentfirst 1995/11/23 v1.03 Indent first paragraph (DPC)
)
(/usr/share/texlive/texmf-dist/tex/latex/graphics/epsfig.sty
Package: epsfig 1999/02/16 v1.7a (e)psfig emulation (SPQR)
\epsfxsize=\dimen132
\epsfysize=\dimen133
)
(/usr/share/texlive/texmf-dist/tex/latex/tocvsec2/tocvsec2.sty
Package: tocvsec2 2014/03/10 v1.3a variable ToC section entries
\c@max@tocdepth=\count115
\c@max@secnumdepth=\count116
)
(/usr/share/texlive/texmf-dist/tex/latex/ccaption/ccaption.sty
Package: ccaption 2011/08/07 v3.2c Extended captioning and new floats
\@contcwidth=\skip53
\@contindw=\skip54
\abovelegendskip=\skip55
\belowlegendskip=\skip56
\c@newflo@tctr=\count117
)
(/usr/share/texlive/texmf-dist/tex/latex/cite/cite.sty
LaTeX Info: Redefining \cite on input line 302.
LaTeX Info: Redefining \nocite on input line 332.
Package: cite 2015/02/27  v 5.5
)
(/usr/share/texlive/texmf-dist/tex/latex/algorithms/algorithm.sty
Package: algorithm 2009/08/24 v0.1 Document Style `algorithm' - floating enviro
nment

(/usr/share/texlive/texmf-dist/tex/latex/float/float.sty
Package: float 2001/11/08 v1.3d Float enhancements (AL)
\c@float@type=\count118
\float@exts=\toks30
\float@box=\box29
\@float@everytoks=\toks31
\@floatcapt=\box30
)
\@float@every@algorithm=\toks32
\c@algorithm=\count119
)
(./preprint_poro_Trimonova.aux
LaTeX Font Info:    Try loading font information for T2A+cmr on input line 21.

(/usr/share/texlive/texmf-dist/tex/latex/cyrillic/t2acmr.fd
File: t2acmr.fd 2001/08/11 v1.0a Computer Modern Cyrillic font definitions
)<<t2a.cmap>>)
\openout1 = `preprint_poro_Trimonova.aux'.

LaTeX Font Info:    Checking defaults for OML/cmm/m/it on input line 122.
LaTeX Font Info:    ... okay on input line 122.
LaTeX Font Info:    Checking defaults for T1/cmr/m/n on input line 122.
LaTeX Font Info:    ... okay on input line 122.
LaTeX Font Info:    Checking defaults for OT1/cmr/m/n on input line 122.
LaTeX Font Info:    ... okay on input line 122.
LaTeX Font Info:    Checking defaults for OMS/cmsy/m/n on input line 122.
LaTeX Font Info:    ... okay on input line 122.
LaTeX Font Info:    Checking defaults for OMX/cmex/m/n on input line 122.
LaTeX Font Info:    ... okay on input line 122.
LaTeX Font Info:    Checking defaults for U/cmr/m/n on input line 122.
LaTeX Font Info:    ... okay on input line 122.
LaTeX Font Info:    Checking defaults for T2A/cmr/m/n on input line 122.
LaTeX Font Info:    ... okay on input line 122.
LaTeX Font Info:    Checking defaults for PD1/pdf/m/n on input line 122.
LaTeX Font Info:    ... okay on input line 122.
LaTeX Font Info:    Checking defaults for PU/pdf/m/n on input line 122.
LaTeX Font Info:    ... okay on input line 122.

(/usr/share/texlive/texmf-dist/tex/context/base/supp-pdf.mkii
[Loading MPS to PDF converter (version 2006.09.02).]
\scratchcounter=\count120
\scratchdimen=\dimen134
\scratchbox=\box31
\nofMPsegments=\count121
\nofMParguments=\count122
\everyMPshowfont=\toks33
\MPscratchCnt=\count123
\MPscratchDim=\dimen135
\MPnumerator=\count124
\makeMPintoPDFobject=\count125
\everyMPtoPDFconversion=\toks34
) (/usr/share/texlive/texmf-dist/tex/latex/oberdiek/epstopdf-base.sty
Package: epstopdf-base 2010/02/09 v2.5 Base part for package epstopdf

(/usr/share/texlive/texmf-dist/tex/latex/oberdiek/grfext.sty
Package: grfext 2010/08/19 v1.1 Manage graphics extensions (HO)
)
Package grfext Info: Graphics extension search list:
(grfext)             [.png,.pdf,.jpg,.mps,.jpeg,.jbig2,.jb2,.PNG,.PDF,.JPG,.JPE
G,.JBIG2,.JB2,.eps]
(grfext)             \AppendGraphicsExtensions on input line 452.

(/usr/share/texlive/texmf-dist/tex/latex/latexconfig/epstopdf-sys.cfg
File: epstopdf-sys.cfg 2010/07/13 v1.3 Configuration of (r)epstopdf for TeX Liv
e
))
\AtBeginShipoutBox=\box32
Package hyperref Info: Link coloring OFF on input line 122.

(/usr/share/texlive/texmf-dist/tex/latex/hyperref/nameref.sty
Package: nameref 2012/10/27 v2.43 Cross-referencing by name of section

(/usr/share/texlive/texmf-dist/tex/generic/oberdiek/gettitlestring.sty
Package: gettitlestring 2010/12/03 v1.4 Cleanup title references (HO)
)
\c@section@level=\count126
)
LaTeX Info: Redefining \ref on input line 122.
LaTeX Info: Redefining \pageref on input line 122.
LaTeX Info: Redefining \nameref on input line 122.

(./preprint_poro_Trimonova.out) (./preprint_poro_Trimonova.out)
\@outlinefile=\write3
\openout3 = `preprint_poro_Trimonova.out'.


*geometry* driver: auto-detecting
*geometry* detected driver: pdftex
*geometry* verbose mode - [ preamble ] result:
* driver: pdftex
* paper: a4paper
* layout: <same size as paper>
* layoutoffset:(h,v)=(0.0pt,0.0pt)
* modes: 
* h-part:(L,W,R)=(56.9055pt, 483.69687pt, 56.9055pt)
* v-part:(T,H,B)=(56.9055pt, 702.78308pt, 85.35826pt)
* \paperwidth=597.50787pt
* \paperheight=845.04684pt
* \textwidth=483.69687pt
* \textheight=702.78308pt
* \oddsidemargin=-15.36449pt
* \evensidemargin=-15.36449pt
* \topmargin=-54.36449pt
* \headheight=14.0pt
* \headsep=25.0pt
* \topskip=14.0pt
* \footskip=30.0pt
* \marginparwidth=15.0pt
* \marginparsep=10.0pt
* \columnsep=10.0pt
* \skip\footins=12.0pt plus 4.0pt minus 2.0pt
* \hoffset=0.0pt
* \voffset=0.0pt
* \mag=1000
* \@twocolumnfalse
* \@twosidefalse
* \@mparswitchfalse
* \@reversemarginfalse
* (1in=72.27pt=25.4mm, 1cm=28.453pt)

Package babel Info: Redefining russian shorthand "|
(babel)             in language  on input line 154.
Package babel Info: Redefining russian shorthand "~
(babel)             in language  on input line 154.
Package babel Info: Redefining russian shorthand "|
(babel)             in language  on input line 154.
Package babel Info: Redefining russian shorthand "~
(babel)             in language  on input line 154.
[1

{/var/lib/texmf/fonts/map/pdftex/updmap/pdftex.map}]<<ot1.cmap>><<oml.cmap>><<o
ms.cmap>><<omx.cmap>>
LaTeX Font Info:    Try loading font information for U+msa on input line 175.

(/usr/share/texlive/texmf-dist/tex/latex/amsfonts/umsa.fd
File: umsa.fd 2013/01/14 v3.01 AMS symbols A
)
LaTeX Font Info:    Try loading font information for U+msb on input line 175.

(/usr/share/texlive/texmf-dist/tex/latex/amsfonts/umsb.fd
File: umsb.fd 2013/01/14 v3.01 AMS symbols B
)
(./preprint_poro_Trimonova.toc
Package babel Info: Redefining russian shorthand "|
(babel)             in language  on input line 31.
Package babel Info: Redefining russian shorthand "~
(babel)             in language  on input line 31.
Package babel Info: Redefining russian shorthand "|
(babel)             in language  on input line 31.
Package babel Info: Redefining russian shorthand "~
(babel)             in language  on input line 31.
 [2])
\tf@toc=\write4
\openout4 = `preprint_poro_Trimonova.toc'.

Package babel Info: Redefining russian shorthand "|
(babel)             in language  on input line 206.
Package babel Info: Redefining russian shorthand "~
(babel)             in language  on input line 206.
Package babel Info: Redefining russian shorthand "|
(babel)             in language  on input line 206.
Package babel Info: Redefining russian shorthand "~
(babel)             in language  on input line 206.
 [3]
Package babel Info: Redefining russian shorthand "|
(babel)             in language  on input line 209.
Package babel Info: Redefining russian shorthand "~
(babel)             in language  on input line 209.
 (./intro.tex
Package babel Info: Redefining russian shorthand "|
(babel)             in language  on input line 66.
Package babel Info: Redefining russian shorthand "~
(babel)             in language  on input line 66.
Package babel Info: Redefining russian shorthand "|
(babel)             in language  on input line 66.
Package babel Info: Redefining russian shorthand "~
(babel)             in language  on input line 66.
 [4])
Package babel Info: Redefining russian shorthand "|
(babel)             in language  on input line 214.
Package babel Info: Redefining russian shorthand "~
(babel)             in language  on input line 214.
 (./matmodel.tex
Package babel Info: Redefining russian shorthand "|
(babel)             in language  on input line 78.
Package babel Info: Redefining russian shorthand "~
(babel)             in language  on input line 78.
Package babel Info: Redefining russian shorthand "|
(babel)             in language  on input line 99.
Package babel Info: Redefining russian shorthand "~
(babel)             in language  on input line 99.
Package babel Info: Redefining russian shorthand "|
(babel)             in language  on input line 99.
Package babel Info: Redefining russian shorthand "~
(babel)             in language  on input line 99.

[5]
Package babel Info: Redefining russian shorthand "|
(babel)             in language  on input line 189.
Package babel Info: Redefining russian shorthand "~
(babel)             in language  on input line 189.
Package babel Info: Redefining russian shorthand "|
(babel)             in language  on input line 193.
Package babel Info: Redefining russian shorthand "~
(babel)             in language  on input line 193.
Package babel Info: Redefining russian shorthand "|
(babel)             in language  on input line 193.
Package babel Info: Redefining russian shorthand "~
(babel)             in language  on input line 193.
 [6]
Package babel Info: Redefining russian shorthand "|
(babel)             in language  on input line 197.
Package babel Info: Redefining russian shorthand "~
(babel)             in language  on input line 197.
Package babel Info: Redefining russian shorthand "|
(babel)             in language  on input line 290.
Package babel Info: Redefining russian shorthand "~
(babel)             in language  on input line 290.
Package babel Info: Redefining russian shorthand "|
(babel)             in language  on input line 290.
Package babel Info: Redefining russian shorthand "~
(babel)             in language  on input line 290.
 [7]
Package babel Info: Redefining russian shorthand "|
(babel)             in language  on input line 292.
Package babel Info: Redefining russian shorthand "~
(babel)             in language  on input line 292.
Package babel Info: Redefining russian shorthand "|
(babel)             in language  on input line 350.
Package babel Info: Redefining russian shorthand "~
(babel)             in language  on input line 350.
Package babel Info: Redefining russian shorthand "|
(babel)             in language  on input line 385.
Package babel Info: Redefining russian shorthand "~
(babel)             in language  on input line 385.
Package babel Info: Redefining russian shorthand "|
(babel)             in language  on input line 385.
Package babel Info: Redefining russian shorthand "~
(babel)             in language  on input line 385.
 [8]
Package babel Info: Redefining russian shorthand "|
(babel)             in language  on input line 411.
Package babel Info: Redefining russian shorthand "~
(babel)             in language  on input line 411.
Package babel Info: Redefining russian shorthand "|
(babel)             in language  on input line 449.
Package babel Info: Redefining russian shorthand "~
(babel)             in language  on input line 449.
Package babel Info: Redefining russian shorthand "|
(babel)             in language  on input line 455.
Package babel Info: Redefining russian shorthand "~
(babel)             in language  on input line 455.
Package babel Info: Redefining russian shorthand "|
(babel)             in language  on input line 455.
Package babel Info: Redefining russian shorthand "~
(babel)             in language  on input line 455.
 [9]
Package babel Info: Redefining russian shorthand "|
(babel)             in language  on input line 476.
Package babel Info: Redefining russian shorthand "~
(babel)             in language  on input line 476.
Package babel Info: Redefining russian shorthand "|
(babel)             in language  on input line 542.
Package babel Info: Redefining russian shorthand "~
(babel)             in language  on input line 542.
Package babel Info: Redefining russian shorthand "|
(babel)             in language  on input line 542.
Package babel Info: Redefining russian shorthand "~
(babel)             in language  on input line 542.
 [10])
Package babel Info: Redefining russian shorthand "|
(babel)             in language  on input line 219.
Package babel Info: Redefining russian shorthand "~
(babel)             in language  on input line 219.
 (./methods.tex
Package babel Info: Redefining russian shorthand "|
(babel)             in language  on input line 55.
Package babel Info: Redefining russian shorthand "~
(babel)             in language  on input line 55.
Package babel Info: Redefining russian shorthand "|
(babel)             in language  on input line 55.
Package babel Info: Redefining russian shorthand "~
(babel)             in language  on input line 55.
 [11]
Package babel Info: Redefining russian shorthand "|
(babel)             in language  on input line 63.
Package babel Info: Redefining russian shorthand "~
(babel)             in language  on input line 63.
Package babel Info: Redefining russian shorthand "|
(babel)             in language  on input line 98.
Package babel Info: Redefining russian shorthand "~
(babel)             in language  on input line 98.
Package babel Info: Redefining russian shorthand "|
(babel)             in language  on input line 98.
Package babel Info: Redefining russian shorthand "~
(babel)             in language  on input line 98.
 [12]
Package babel Info: Redefining russian shorthand "|
(babel)             in language  on input line 188.
Package babel Info: Redefining russian shorthand "~
(babel)             in language  on input line 188.
Package babel Info: Redefining russian shorthand "|
(babel)             in language  on input line 209.
Package babel Info: Redefining russian shorthand "~
(babel)             in language  on input line 209.
Package babel Info: Redefining russian shorthand "|
(babel)             in language  on input line 209.
Package babel Info: Redefining russian shorthand "~
(babel)             in language  on input line 209.
 [13]
Package babel Info: Redefining russian shorthand "|
(babel)             in language  on input line 291.
Package babel Info: Redefining russian shorthand "~
(babel)             in language  on input line 291.
Package babel Info: Redefining russian shorthand "|
(babel)             in language  on input line 291.
Package babel Info: Redefining russian shorthand "~
(babel)             in language  on input line 291.
 [14]
LaTeX Font Info:    Try loading font information for OMS+cmr on input line 331.


(/usr/share/texlive/texmf-dist/tex/latex/base/omscmr.fd
File: omscmr.fd 2014/09/29 v2.5h Standard LaTeX font definitions
)
LaTeX Font Info:    Font shape `OMS/cmr/m/n' in size <14.4> not available
(Font)              Font shape `OMS/cmsy/m/n' tried instead on input line 331.
Package babel Info: Redefining russian shorthand "|
(babel)             in language  on input line 368.
Package babel Info: Redefining russian shorthand "~
(babel)             in language  on input line 368.
Package babel Info: Redefining russian shorthand "|
(babel)             in language  on input line 368.
Package babel Info: Redefining russian shorthand "~
(babel)             in language  on input line 368.
 [15])
Package babel Info: Redefining russian shorthand "|
(babel)             in language  on input line 224.
Package babel Info: Redefining russian shorthand "~
(babel)             in language  on input line 224.

(./experiment.tex
Underfull \hbox (badness 1297) in paragraph at lines 1--2
[]\T2A/cmr/m/n/14.4  --- -- ---- ---- 
--,  -
 []

Package babel Info: Redefining russian shorthand "|
(babel)             in language  on input line 3.
Package babel Info: Redefining russian shorthand "~
(babel)             in language  on input line 3.
<figs/picts/1.png, id=324, 469.4265pt x 298.6065pt>
File: figs/picts/1.png Graphic file (type png)
 <use figs/picts/1.png>
Package pdftex.def Info: figs/picts/1.png used on input line 8.
(pdftex.def)             Requested size: 241.84843pt x 153.84102pt.
Package babel Info: Redefining russian shorthand "|
(babel)             in language  on input line 14.
Package babel Info: Redefining russian shorthand "~
(babel)             in language  on input line 14.
Package babel Info: Redefining russian shorthand "|
(babel)             in language  on input line 14.
Package babel Info: Redefining russian shorthand "~
(babel)             in language  on input line 14.

[16pdfTeX warning (ext4): destination with the same identifier (name{figure.1})
 has been already used, duplicate ignored

\AtBegShi@Output ...ipout \box \AtBeginShipoutBox 
                                                  \fi \fi 
l.14 
      <./figs/picts/1.png>]
<figs/picts/2.png, id=334, 374.39874pt x 292.09125pt>
File: figs/picts/2.png Graphic file (type png)
 <use figs/picts/2.png>
Package pdftex.def Info: figs/picts/2.png used on input line 18.
(pdftex.def)             Requested size: 218.831pt x 170.71652pt.

<figs/picts/3.png, id=335, 233.1912pt x 204.2832pt>
File: figs/picts/3.png Graphic file (type png)
 <use figs/picts/3.png>
Package pdftex.def Info: figs/picts/3.png used on input line 19.
(pdftex.def)             Requested size: 194.87584pt x 170.71652pt.

<figs/picts/4.png, id=339, 312.2064pt x 387.00584pt>
File: figs/picts/4.png Graphic file (type png)
 <use figs/picts/4.png>
Package pdftex.def Info: figs/picts/4.png used on input line 31.
(pdftex.def)             Requested size: 193.47578pt x 239.82893pt.
Package babel Info: Redefining russian shorthand "|
(babel)             in language  on input line 37.
Package babel Info: Redefining russian shorthand "~
(babel)             in language  on input line 37.
Package babel Info: Redefining russian shorthand "|
(babel)             in language  on input line 37.
Package babel Info: Redefining russian shorthand "~
(babel)             in language  on input line 37.

[17pdfTeX warning (ext4): destination with the same identifier (name{figure.2})
 has been already used, duplicate ignored

\AtBegShi@Output ...ipout \box \AtBeginShipoutBox 
                                                  \fi \fi 
l.37 
      <./figs/picts/2.png> <./figs/picts/3.png>]
<figs/picts/5.png, id=348, 271.998pt x 339.3405pt>
File: figs/picts/5.png Graphic file (type png)
 <use figs/picts/5.png>
Package pdftex.def Info: figs/picts/5.png used on input line 40.
(pdftex.def)             Requested size: 241.84843pt x 301.73766pt.
Package babel Info: Redefining russian shorthand "|
(babel)             in language  on input line 51.
Package babel Info: Redefining russian shorthand "~
(babel)             in language  on input line 51.
Package babel Info: Redefining russian shorthand "|
(babel)             in language  on input line 54.
Package babel Info: Redefining russian shorthand "~
(babel)             in language  on input line 54.
Package babel Info: Redefining russian shorthand "|
(babel)             in language  on input line 54.
Package babel Info: Redefining russian shorthand "~
(babel)             in language  on input line 54.

[18]
Package babel Info: Redefining russian shorthand "|
(babel)             in language  on input line 67.
Package babel Info: Redefining russian shorthand "~
(babel)             in language  on input line 67.


LaTeX Warning: Command \CYRP invalid in math mode on input line 71.


LaTeX Warning: Command \cyra invalid in math mode on input line 71.

Missing character: There is no  in font cmr12!
Missing character: There is no  in font cmr12!
Package babel Info: Redefining russian shorthand "|
(babel)             in language  on input line 72.
Package babel Info: Redefining russian shorthand "~
(babel)             in language  on input line 72.
Package babel Info: Redefining russian shorthand "|
(babel)             in language  on input line 72.
Package babel Info: Redefining russian shorthand "~
(babel)             in language  on input line 72.
[19] <figs/picts/6.png, id=365, 630.9171pt x 473.3685pt>
File: figs/picts/6.png Graphic file (type png)

<use figs/picts/6.png>
Package pdftex.def Info: figs/picts/6.png used on input line 75.
(pdftex.def)             Requested size: 241.84843pt x 181.45651pt.
Package babel Info: Redefining russian shorthand "|
(babel)             in language  on input line 80.
Package babel Info: Redefining russian shorthand "~
(babel)             in language  on input line 80.
Package babel Info: Redefining russian shorthand "|
(babel)             in language  on input line 81.
Package babel Info: Redefining russian shorthand "~
(babel)             in language  on input line 81.
 <figs/picts/7.PNG, id=367, 502.12593pt x 317.68687pt>
File: figs/picts/7.PNG Graphic file (type png)

<use figs/picts/7.PNG>
Package pdftex.def Info: figs/picts/7.PNG used on input line 87.
(pdftex.def)             Requested size: 193.47578pt x 122.40918pt.
Package babel Info: Redefining russian shorthand "|
(babel)             in language  on input line 97.
Package babel Info: Redefining russian shorthand "~
(babel)             in language  on input line 97.
Package babel Info: Redefining russian shorthand "|
(babel)             in language  on input line 97.
Package babel Info: Redefining russian shorthand "~
(babel)             in language  on input line 97.
 [20]
Package babel Info: Redefining russian shorthand "|
(babel)             in language  on input line 98.
Package babel Info: Redefining russian shorthand "~
(babel)             in language  on input line 98.
Package babel Info: Redefining russian shorthand "|
(babel)             in language  on input line 104.
Package babel Info: Redefining russian shorthand "~
(babel)             in language  on input line 104.
)
Package babel Info: Redefining russian shorthand "|
(babel)             in language  on input line 229.
Package babel Info: Redefining russian shorthand "~
(babel)             in language  on input line 229.
 (./problem.tex
Package babel Info: Redefining russian shorthand "|
(babel)             in language  on input line 24.
Package babel Info: Redefining russian shorthand "~
(babel)             in language  on input line 24.
Package babel Info: Redefining russian shorthand "|
(babel)             in language  on input line 24.
Package babel Info: Redefining russian shorthand "~
(babel)             in language  on input line 24.
 [21]
Package babel Info: Redefining russian shorthand "|
(babel)             in language  on input line 41.
Package babel Info: Redefining russian shorthand "~
(babel)             in language  on input line 41.
Package babel Info: Redefining russian shorthand "|
(babel)             in language  on input line 41.
Package babel Info: Redefining russian shorthand "~
(babel)             in language  on input line 41.
 [22]
Package babel Info: Redefining russian shorthand "|
(babel)             in language  on input line 43.
Package babel Info: Redefining russian shorthand "~
(babel)             in language  on input line 43.

<./figs/immdot.png, id=390, 118.64325pt x 111.89806pt>
File: ./figs/immdot.png Graphic file (type png)
 <use ./figs/immdot.png>
Package pdftex.def Info: ./figs/immdot.png used on input line 103.
(pdftex.def)             Requested size: 217.66211pt x 205.29047pt.


LaTeX Warning: `!h' float specifier changed to `!ht'.

Package babel Info: Redefining russian shorthand "|
(babel)             in language  on input line 143.
Package babel Info: Redefining russian shorthand "~
(babel)             in language  on input line 143.
Package babel Info: Redefining russian shorthand "|
(babel)             in language  on input line 143.
Package babel Info: Redefining russian shorthand "~
(babel)             in language  on input line 143.
[23pdfTeX warning (ext4): destination with the same identifier (name{table.1}) 
has been already used, duplicate ignored

\AtBegShi@Output ...ipout \box \AtBeginShipoutBox 
                                                  \fi \fi 
l.143 \end{equation}
                    ]
<figs/press_point_mom2.png, id=402, 1103.5629pt x 703.428pt>
File: figs/press_point_mom2.png Graphic file (type png)

<use figs/press_point_mom2.png>
Package pdftex.def Info: figs/press_point_mom2.png used on input line 154.
(pdftex.def)             Requested size: 386.95897pt x 246.6543pt.

<figs/disp_point_mom2.png, id=403, 1145.2386pt x 703.428pt>
File: figs/disp_point_mom2.png Graphic file (type png)

<use figs/disp_point_mom2.png>
Package pdftex.def Info: figs/disp_point_mom2.png used on input line 155.
(pdftex.def)             Requested size: 386.95897pt x 237.68114pt.
Package babel Info: Redefining russian shorthand "|
(babel)             in language  on input line 172.
Package babel Info: Redefining russian shorthand "~
(babel)             in language  on input line 172.

Underfull \hbox (badness 10000) in paragraph at lines 184--185
[]\T2A/cmr/m/n/14.4  -- -- ----- --
- --
 []

<./figs/immline.png, id=409, 158.39175pt x 96.48045pt>
File: ./figs/immline.png Graphic file (type png)

<use ./figs/immline.png>
Package pdftex.def Info: ./figs/immline.png used on input line 218.
(pdftex.def)             Requested size: 314.40001pt x 191.52798pt.


LaTeX Warning: `!h' float specifier changed to `!ht'.

Package babel Info: Redefining russian shorthand "|
(babel)             in language  on input line 251.
Package babel Info: Redefining russian shorthand "~
(babel)             in language  on input line 251.
Package babel Info: Redefining russian shorthand "|
(babel)             in language  on input line 251.
Package babel Info: Redefining russian shorthand "~
(babel)             in language  on input line 251.
[24] <figs/press_line_mom2.png, id=422, 1105.4901pt x 685.1196pt>
File: figs/press_line_mom2.png Graphic file (type png)

<use figs/press_line_mom2.png>
Package pdftex.def Info: figs/press_line_mom2.png used on input line 265.
(pdftex.def)             Requested size: 386.95897pt x 239.81636pt.

<figs/disp_line_mom2.png, id=423, 1133.6754pt x 703.428pt>
File: figs/disp_line_mom2.png Graphic file (type png)

<use figs/disp_line_mom2.png>
Package pdftex.def Info: figs/disp_line_mom2.png used on input line 266.
(pdftex.def)             Requested size: 386.95897pt x 240.09616pt.
Package babel Info: Redefining russian shorthand "|
(babel)             in language  on input line 282.
Package babel Info: Redefining russian shorthand "~
(babel)             in language  on input line 282.
Package babel Info: Redefining russian shorthand "|
(babel)             in language  on input line 319.
Package babel Info: Redefining russian shorthand "~
(babel)             in language  on input line 319.
Package babel Info: Redefining russian shorthand "|
(babel)             in language  on input line 319.
Package babel Info: Redefining russian shorthand "~
(babel)             in language  on input line 319.
 [25pdfTeX warning (ext4): destination with the same identifier (name{table.2})
 has been already used, duplicate ignored

\AtBegShi@Output ...ipout \box \AtBeginShipoutBox 
                                                  \fi \fi 
l.319 
      ] <figs/press_const_line_source2.png, id=435, 1117.2942pt x 658.6206pt>
File: figs/press_const_line_source2.png Graphic file (type png)

<use figs/press_const_line_source2.png>
Package pdftex.def Info: figs/press_const_line_source2.png used on input line 3
22.
(pdftex.def)             Requested size: 386.95897pt x 228.09868pt.

<figs/disp_const_line_source2.png, id=436, 1140.1797pt x 694.7556pt>
File: figs/disp_const_line_source2.png Graphic file (type png)

<use figs/disp_const_line_source2.png>
Package pdftex.def Info: figs/disp_const_line_source2.png used on input line 32
3.
(pdftex.def)             Requested size: 386.95897pt x 235.78973pt.
Package babel Info: Redefining russian shorthand "|
(babel)             in language  on input line 338.
Package babel Info: Redefining russian shorthand "~
(babel)             in language  on input line 338.

<./figs/terzaghi.png, id=439, 120.6909pt x 224.037pt>
File: ./figs/terzaghi.png Graphic file (type png)

<use ./figs/terzaghi.png>
Package pdftex.def Info: ./figs/terzaghi.png used on input line 357.
(pdftex.def)             Requested size: 169.29684pt x 314.26839pt.


LaTeX Warning: `!h' float specifier changed to `!ht'.

Package babel Info: Redefining russian shorthand "|
(babel)             in language  on input line 414.
Package babel Info: Redefining russian shorthand "~
(babel)             in language  on input line 414.
Package babel Info: Redefining russian shorthand "|
(babel)             in language  on input line 414.
Package babel Info: Redefining russian shorthand "~
(babel)             in language  on input line 414.
[26] <./figs/pp0Ter.png, id=453, 1116.0897pt x 673.5564pt>
File: ./figs/pp0Ter.png Graphic file (type png)

<use ./figs/pp0Ter.png>
Package pdftex.def Info: ./figs/pp0Ter.png used on input line 471.
(pdftex.def)             Requested size: 435.32422pt x 262.71677pt.
 <./figs/uu0Ter.png, id=454, 1056.8283pt x 703.428pt>
File: ./figs/uu0Ter.png Graphic file (type png)

<use ./figs/uu0Ter.png>
Package pdftex.def Info: ./figs/uu0Ter.png used on input line 472.
(pdftex.def)             Requested size: 435.32422pt x 289.74902pt.
Package babel Info: Redefining russian shorthand "|
(babel)             in language  on input line 499.
Package babel Info: Redefining russian shorthand "~
(babel)             in language  on input line 499.
Package babel Info: Redefining russian shorthand "|
(babel)             in language  on input line 499.
Package babel Info: Redefining russian shorthand "~
(babel)             in language  on input line 499.
 [27pdfTeX warning (ext4): destination with the same identifier (name{table.3})
 has been already used, duplicate ignored

\AtBegShi@Output ...ipout \box \AtBeginShipoutBox 
                                                  \fi \fi 
l.499 
      ] <./figs/pp1Ter.png, id=465, 726.0726pt x 622.2447pt>
File: ./figs/pp1Ter.png Graphic file (type png)

<use ./figs/pp1Ter.png>
Package pdftex.def Info: ./figs/pp1Ter.png used on input line 502.
(pdftex.def)             Requested size: 362.77264pt x 310.89372pt.
 <./figs/uu1Ter.png, id=466, 726.0726pt x 622.2447pt>
File: ./figs/uu1Ter.png Graphic file (type png)

<use ./figs/uu1Ter.png>
Package pdftex.def Info: ./figs/uu1Ter.png used on input line 503.
(pdftex.def)             Requested size: 362.77264pt x 310.89372pt.
Package babel Info: Redefining russian shorthand "|
(babel)             in language  on input line 517.
Package babel Info: Redefining russian shorthand "~
(babel)             in language  on input line 517.
 <./figs/mandel.png, id=469, 172.60484pt x 161.28255pt>
File: ./figs/mandel.png Graphic file (type png)

<use ./figs/mandel.png>
Package pdftex.def Info: ./figs/mandel.png used on input line 536.
(pdftex.def)             Requested size: 314.40001pt x 293.79306pt.


LaTeX Warning: `!h' float specifier changed to `!ht'.

Package babel Info: Redefining russian shorthand "|
(babel)             in language  on input line 570.
Package babel Info: Redefining russian shorthand "~
(babel)             in language  on input line 570.
Package babel Info: Redefining russian shorthand "|
(babel)             in language  on input line 570.
Package babel Info: Redefining russian shorthand "~
(babel)             in language  on input line 570.
[28]

LaTeX Warning: `!h' float specifier changed to `!ht'.

Package babel Info: Redefining russian shorthand "|
(babel)             in language  on input line 665.
Package babel Info: Redefining russian shorthand "~
(babel)             in language  on input line 665.
Package babel Info: Redefining russian shorthand "|
(babel)             in language  on input line 665.
Package babel Info: Redefining russian shorthand "~
(babel)             in language  on input line 665.
[29] <./figs/pp0M.png, id=499, 1095.8541pt x 655.248pt>
File: ./figs/pp0M.png Graphic file (type png)
 <use ./figs/pp0M.png>
Package pdftex.def Info: ./figs/pp0M.png used on input line 682.
(pdftex.def)             Requested size: 459.51054pt x 274.75237pt.

<./figs/uux0M.png, id=500, 1149.8157pt x 684.156pt>
File: ./figs/uux0M.png Graphic file (type png)
 <use ./figs/uux0M.png>
Package pdftex.def Info: ./figs/uux0M.png used on input line 690.
(pdftex.def)             Requested size: 411.14528pt x 244.63611pt.


LaTeX Warning: `!h' float specifier changed to `!ht'.

<./figs/uuz0M.png, id=501, 1119.4623pt x 689.9376pt>
File: ./figs/uuz0M.png Graphic file (type png)
 <use ./figs/uuz0M.png>
Package pdftex.def Info: ./figs/uuz0M.png used on input line 698.
(pdftex.def)             Requested size: 411.14528pt x 253.38847pt.

<./figs/prM.png, id=502, 1204.5pt x 1080.035pt>
File: ./figs/prM.png Graphic file (type png)
 <use ./figs/prM.png>
Package pdftex.def Info: ./figs/prM.png used on input line 707.
(pdftex.def)             Requested size: 353.09663pt x 316.6135pt.


LaTeX Warning: `!h' float specifier changed to `!ht'.

Package babel Info: Redefining russian shorthand "|
(babel)             in language  on input line 712.
Package babel Info: Redefining russian shorthand "~
(babel)             in language  on input line 712.
<./figs/2wells.png, id=505, 179.7114pt x 130.92915pt>
File: ./figs/2wells.png Graphic file (type png)
 <use ./figs/2wells.png>
Package pdftex.def Info: ./figs/2wells.png used on input line 733.
(pdftex.def)             Requested size: 314.40001pt x 229.08546pt.
Package babel Info: Redefining russian shorthand "|
(babel)             in language  on input line 737.
Package babel Info: Redefining russian shorthand "~
(babel)             in language  on input line 737.
Package babel Info: Redefining russian shorthand "|
(babel)             in language  on input line 737.
Package babel Info: Redefining russian shorthand "~
(babel)             in language  on input line 737.

[30pdfTeX warning (ext4): destination with the same identifier (name{table.4}) 
has been already used, duplicate ignored

\AtBegShi@Output ...ipout \box \AtBeginShipoutBox 
                                                  \fi \fi 
l.737 
      ]

LaTeX Warning: `!h' float specifier changed to `!ht'.

<./figs/iso_p.png, id=514, 798.3426pt x 606.1044pt>
File: ./figs/iso_p.png Graphic file (type png)
 <use ./figs/iso_p.png>
Package pdftex.def Info: ./figs/iso_p.png used on input line 769.
(pdftex.def)             Requested size: 386.95897pt x 293.78456pt.

<./figs/str.png, id=515, 669.9429pt x 488.5452pt>
File: ./figs/str.png Graphic file (type png)
 <use ./figs/str.png>
Package pdftex.def Info: ./figs/str.png used on input line 770.
(pdftex.def)             Requested size: 386.95897pt x 282.17859pt.
)
Package babel Info: Redefining russian shorthand "|
(babel)             in language  on input line 234.
Package babel Info: Redefining russian shorthand "~
(babel)             in language  on input line 234.
Package babel Info: Redefining russian shorthand "|
(babel)             in language  on input line 234.
Package babel Info: Redefining russian shorthand "~
(babel)             in language  on input line 234.

[31pdfTeX warning (ext4): destination with the same identifier (name{table.5}) 
has been already used, duplicate ignored

\AtBegShi@Output ...ipout \box \AtBeginShipoutBox 
                                                  \fi \fi 
l.234 \newpage
              ]
Package babel Info: Redefining russian shorthand "|
(babel)             in language  on input line 236.
Package babel Info: Redefining russian shorthand "~
(babel)             in language  on input line 236.
 (./finish.tex) (./references.tex
Package babel Info: Redefining russian shorthand "|
(babel)             in language  on input line 3.
Package babel Info: Redefining russian shorthand "~
(babel)             in language  on input line 3.

Underfull \hbox (badness 1824) in paragraph at lines 40--44
\T2A/cmr/m/n/14.4 elements applied to elastoplasticity: I. Mixed displacement^^
Upressure
 []

Package babel Info: Redefining russian shorthand "|
(babel)             in language  on input line 53.
Package babel Info: Redefining russian shorthand "~
(babel)             in language  on input line 53.
Package babel Info: Redefining russian shorthand "|
(babel)             in language  on input line 53.
Package babel Info: Redefining russian shorthand "~
(babel)             in language  on input line 53.
[32]
Underfull \hbox (badness 4886) in paragraph at lines 71--73
[]\T2A/cmr/m/n/14.4 Kim J. Sequentual Methods for Coupled Geomechanics and
 []


Underfull \hbox (badness 3000) in paragraph at lines 80--81
[]\T2A/cmr/m/n/14.4 Mandel J. Consolidation des sols (itude mathimatique) //
 []


Underfull \hbox (badness 2707) in paragraph at lines 107--111
[]\T2A/cmr/m/n/14.4 Preisig M., Pr^^Avost J.H. Stabilization procedures in coup
led
 []

Package babel Info: Redefining russian shorthand "|
(babel)             in language  on input line 111.
Package babel Info: Redefining russian shorthand "~
(babel)             in language  on input line 111.
Package babel Info: Redefining russian shorthand "|
(babel)             in language  on input line 111.
Package babel Info: Redefining russian shorthand "~
(babel)             in language  on input line 111.
[33]
Underfull \hbox (badness 1540) in paragraph at lines 121--125
\T2A/cmr/m/n/14.4 Injection Well: Numerical and Laboratory Modeling. // Society
 of
 []


Underfull \hbox (badness 1509) in paragraph at lines 127--130
\T2A/cmr/m/n/14.4 Turuntaev S., Aigozhieva A. Estimation of the Hydraulic Fract
ure
 []


Underfull \hbox (badness 1769) in paragraph at lines 127--130
\T2A/cmr/m/n/14.4 Propagation Rate in the Laboratory Experiment. // Physical an
d
 []


Underfull \hbox (badness 1584) in paragraph at lines 150--154
\T2A/cmr/m/n/14.4 Efendiev, Lecture Notes in Applied and Computational Mechanic
s,
 []


Underfull \hbox (badness 2293) in paragraph at lines 156--160
[]\T2A/cmr/m/n/14.4 Xia K., Masud A. A stabilized finite element formulation fo
r
 []


Underfull \hbox (badness 1845) in paragraph at lines 162--166
[]\T2A/cmr/m/n/14.4 Zheng Y., Burridge R., Burns D. Reservoir Simulation with
 []


Underfull \hbox (badness 3333) in paragraph at lines 162--166
\T2A/cmr/m/n/14.4 the Finite Element Method Using Biot Poroelastic Approach //
 []

Package babel Info: Redefining russian shorthand "|
(babel)             in language  on input line 166.
Package babel Info: Redefining russian shorthand "~
(babel)             in language  on input line 166.
Package babel Info: Redefining russian shorthand "|
(babel)             in language  on input line 166.
Package babel Info: Redefining russian shorthand "~
(babel)             in language  on input line 166.
[34])
Package atveryend Info: Empty hook `BeforeClearDocument' on input line 260.
Package babel Info: Redefining russian shorthand "|
(babel)             in language  on input line 260.
Package babel Info: Redefining russian shorthand "~
(babel)             in language  on input line 260.
Package babel Info: Redefining russian shorthand "|
(babel)             in language  on input line 260.
Package babel Info: Redefining russian shorthand "~
(babel)             in language  on input line 260.
 [35]
Package babel Info: Redefining russian shorthand "|
(babel)             in language  on input line 260.
Package babel Info: Redefining russian shorthand "~
(babel)             in language  on input line 260.
Package babel Info: Redefining russian shorthand "|
(babel)             in language  on input line 260.
Package babel Info: Redefining russian shorthand "~
(babel)             in language  on input line 260.
 [36pdfTeX warning (ext4): destination with the same identifier (name{figure.3}
) has been already used, duplicate ignored

\AtBegShi@Output ...ipout \box \AtBeginShipoutBox 
                                                  \fi \fi 
l.260 \end{document}
                    pdfTeX warning (ext4): destination with the same identifier
 (name{figure.4}) has been already used, duplicate ignored

\AtBegShi@Output ...ipout \box \AtBeginShipoutBox 
                                                  \fi \fi 
l.260 \end{document}
                     <./figs/picts/4.png> <./figs/picts/5.png>]
Package babel Info: Redefining russian shorthand "|
(babel)             in language  on input line 260.
Package babel Info: Redefining russian shorthand "~
(babel)             in language  on input line 260.
Package babel Info: Redefining russian shorthand "|
(babel)             in language  on input line 260.
Package babel Info: Redefining russian shorthand "~
(babel)             in language  on input line 260.
 [37pdfTeX warning (ext4): destination with the same identifier (name{figure.5}
) has been already used, duplicate ignored

\AtBegShi@Output ...ipout \box \AtBeginShipoutBox 
                                                  \fi \fi 
l.260 \end{document}
                    pdfTeX warning (ext4): destination with the same identifier
 (name{figure.6}) has been already used, duplicate ignored

\AtBegShi@Output ...ipout \box \AtBeginShipoutBox 
                                                  \fi \fi 
l.260 \end{document}
                    pdfTeX warning (ext4): destination with the same identifier
 (name{figure.7}) has been already used, duplicate ignored

\AtBegShi@Output ...ipout \box \AtBeginShipoutBox 
                                                  \fi \fi 
l.260 \end{document}
                     <./figs/picts/6.png> <./figs/picts/7.PNG> <./figs/immdot.p
ng>]
Package babel Info: Redefining russian shorthand "|
(babel)             in language  on input line 260.
Package babel Info: Redefining russian shorthand "~
(babel)             in language  on input line 260.
Package babel Info: Redefining russian shorthand "|
(babel)             in language  on input line 260.
Package babel Info: Redefining russian shorthand "~
(babel)             in language  on input line 260.
 [38pdfTeX warning (ext4): destination with the same identifier (name{figure.8}
) has been already used, duplicate ignored

\AtBegShi@Output ...ipout \box \AtBeginShipoutBox 
                                                  \fi \fi 
l.260 \end{document}
                     <./figs/press_point_mom2.png

pdfTeX warning: /usr/bin/pdflatex (file ./figs/press_point_mom2.png): large int
erlaced PNG might cause out of memory (use non-interlaced PNG to fix this)
> <./figs/disp_point_mom2.png

pdfTeX warning: /usr/bin/pdflatex (file ./figs/disp_point_mom2.png): large inte
rlaced PNG might cause out of memory (use non-interlaced PNG to fix this)
>]
Package babel Info: Redefining russian shorthand "|
(babel)             in language  on input line 260.
Package babel Info: Redefining russian shorthand "~
(babel)             in language  on input line 260.
Package babel Info: Redefining russian shorthand "|
(babel)             in language  on input line 260.
Package babel Info: Redefining russian shorthand "~
(babel)             in language  on input line 260.
 [39pdfTeX warning (ext4): destination with the same identifier (name{figure.9}
) has been already used, duplicate ignored

\AtBegShi@Output ...ipout \box \AtBeginShipoutBox 
                                                  \fi \fi 
l.260 \end{document}
                     <./figs/immline.png>]
Package babel Info: Redefining russian shorthand "|
(babel)             in language  on input line 260.
Package babel Info: Redefining russian shorthand "~
(babel)             in language  on input line 260.
Package babel Info: Redefining russian shorthand "|
(babel)             in language  on input line 260.
Package babel Info: Redefining russian shorthand "~
(babel)             in language  on input line 260.
 [40pdfTeX warning (ext4): destination with the same identifier (name{figure.10
}) has been already used, duplicate ignored

\AtBegShi@Output ...ipout \box \AtBeginShipoutBox 
                                                  \fi \fi 
l.260 \end{document}
                     <./figs/press_line_mom2.png

pdfTeX warning: /usr/bin/pdflatex (file ./figs/press_line_mom2.png): large inte
rlaced PNG might cause out of memory (use non-interlaced PNG to fix this)
> <./figs/disp_line_mom2.png

pdfTeX warning: /usr/bin/pdflatex (file ./figs/disp_line_mom2.png): large inter
laced PNG might cause out of memory (use non-interlaced PNG to fix this)
>]
Package babel Info: Redefining russian shorthand "|
(babel)             in language  on input line 260.
Package babel Info: Redefining russian shorthand "~
(babel)             in language  on input line 260.
Package babel Info: Redefining russian shorthand "|
(babel)             in language  on input line 260.
Package babel Info: Redefining russian shorthand "~
(babel)             in language  on input line 260.
 [41pdfTeX warning (ext4): destination with the same identifier (name{figure.11
}) has been already used, duplicate ignored

\AtBegShi@Output ...ipout \box \AtBeginShipoutBox 
                                                  \fi \fi 
l.260 \end{document}
                     <./figs/press_const_line_source2.png

pdfTeX warning: /usr/bin/pdflatex (file ./figs/press_const_line_source2.png): l
arge interlaced PNG might cause out of memory (use non-interlaced PNG to fix th
is)
> <./figs/disp_const_line_source2.png

pdfTeX warning: /usr/bin/pdflatex (file ./figs/disp_const_line_source2.png): la
rge interlaced PNG might cause out of memory (use non-interlaced PNG to fix thi
s)
>]
Package babel Info: Redefining russian shorthand "|
(babel)             in language  on input line 260.
Package babel Info: Redefining russian shorthand "~
(babel)             in language  on input line 260.
Package babel Info: Redefining russian shorthand "|
(babel)             in language  on input line 260.
Package babel Info: Redefining russian shorthand "~
(babel)             in language  on input line 260.
 [42pdfTeX warning (ext4): destination with the same identifier (name{figure.12
}) has been already used, duplicate ignored

\AtBegShi@Output ...ipout \box \AtBeginShipoutBox 
                                                  \fi \fi 
l.260 \end{document}
                     <./figs/terzaghi.png>]
Package babel Info: Redefining russian shorthand "|
(babel)             in language  on input line 260.
Package babel Info: Redefining russian shorthand "~
(babel)             in language  on input line 260.
Package babel Info: Redefining russian shorthand "|
(babel)             in language  on input line 260.
Package babel Info: Redefining russian shorthand "~
(babel)             in language  on input line 260.
 [43pdfTeX warning (ext4): destination with the same identifier (name{figure.13
}) has been already used, duplicate ignored

\AtBegShi@Output ...ipout \box \AtBeginShipoutBox 
                                                  \fi \fi 
l.260 \end{document}
                     <./figs/pp0Ter.png

pdfTeX warning: /usr/bin/pdflatex (file ./figs/pp0Ter.png): large interlaced PN
G might cause out of memory (use non-interlaced PNG to fix this)
> <./figs/uu0Ter.png

pdfTeX warning: /usr/bin/pdflatex (file ./figs/uu0Ter.png): large interlaced PN
G might cause out of memory (use non-interlaced PNG to fix this)
>]
Package babel Info: Redefining russian shorthand "|
(babel)             in language  on input line 260.
Package babel Info: Redefining russian shorthand "~
(babel)             in language  on input line 260.
Package babel Info: Redefining russian shorthand "|
(babel)             in language  on input line 260.
Package babel Info: Redefining russian shorthand "~
(babel)             in language  on input line 260.
 [44pdfTeX warning (ext4): destination with the same identifier (name{figure.14
}) has been already used, duplicate ignored

\AtBegShi@Output ...ipout \box \AtBeginShipoutBox 
                                                  \fi \fi 
l.260 \end{document}
                     <./figs/pp1Ter.png

pdfTeX warning: /usr/bin/pdflatex (file ./figs/pp1Ter.png): large interlaced PN
G might cause out of memory (use non-interlaced PNG to fix this)
> <./figs/uu1Ter.png

pdfTeX warning: /usr/bin/pdflatex (file ./figs/uu1Ter.png): large interlaced PN
G might cause out of memory (use non-interlaced PNG to fix this)
>]
Package babel Info: Redefining russian shorthand "|
(babel)             in language  on input line 260.
Package babel Info: Redefining russian shorthand "~
(babel)             in language  on input line 260.
Package babel Info: Redefining russian shorthand "|
(babel)             in language  on input line 260.
Package babel Info: Redefining russian shorthand "~
(babel)             in language  on input line 260.
 [45pdfTeX warning (ext4): destination with the same identifier (name{figure.15
}) has been already used, duplicate ignored

\AtBegShi@Output ...ipout \box \AtBeginShipoutBox 
                                                  \fi \fi 
l.260 \end{document}
                    pdfTeX warning (ext4): destination with the same identifier
 (name{figure.16}) has been already used, duplicate ignored

\AtBegShi@Output ...ipout \box \AtBeginShipoutBox 
                                                  \fi \fi 
l.260 \end{document}
                     <./figs/mandel.png> <./figs/pp0M.png

pdfTeX warning: /usr/bin/pdflatex (file ./figs/pp0M.png): large interlaced PNG 
might cause out of memory (use non-interlaced PNG to fix this)
>]
Package babel Info: Redefining russian shorthand "|
(babel)             in language  on input line 260.
Package babel Info: Redefining russian shorthand "~
(babel)             in language  on input line 260.
Package babel Info: Redefining russian shorthand "|
(babel)             in language  on input line 260.
Package babel Info: Redefining russian shorthand "~
(babel)             in language  on input line 260.
 [46pdfTeX warning (ext4): destination with the same identifier (name{figure.17
}) has been already used, duplicate ignored

\AtBegShi@Output ...ipout \box \AtBeginShipoutBox 
                                                  \fi \fi 
l.260 \end{document}
                    pdfTeX warning (ext4): destination with the same identifier
 (name{figure.18}) has been already used, duplicate ignored

\AtBegShi@Output ...ipout \box \AtBeginShipoutBox 
                                                  \fi \fi 
l.260 \end{document}
                     <./figs/uux0M.png

pdfTeX warning: /usr/bin/pdflatex (file ./figs/uux0M.png): large interlaced PNG
 might cause out of memory (use non-interlaced PNG to fix this)
> <./figs/uuz0M.png

pdfTeX warning: /usr/bin/pdflatex (file ./figs/uuz0M.png): large interlaced PNG
 might cause out of memory (use non-interlaced PNG to fix this)
>]
Package babel Info: Redefining russian shorthand "|
(babel)             in language  on input line 260.
Package babel Info: Redefining russian shorthand "~
(babel)             in language  on input line 260.
Package babel Info: Redefining russian shorthand "|
(babel)             in language  on input line 260.
Package babel Info: Redefining russian shorthand "~
(babel)             in language  on input line 260.
 [47pdfTeX warning (ext4): destination with the same identifier (name{figure.19
}) has been already used, duplicate ignored

\AtBegShi@Output ...ipout \box \AtBeginShipoutBox 
                                                  \fi \fi 
l.260 \end{document}
                    pdfTeX warning (ext4): destination with the same identifier
 (name{figure.20}) has been already used, duplicate ignored

\AtBegShi@Output ...ipout \box \AtBeginShipoutBox 
                                                  \fi \fi 
l.260 \end{document}
                     <./figs/prM.png> <./figs/2wells.png>]
Package babel Info: Redefining russian shorthand "|
(babel)             in language  on input line 260.
Package babel Info: Redefining russian shorthand "~
(babel)             in language  on input line 260.
Package babel Info: Redefining russian shorthand "|
(babel)             in language  on input line 260.
Package babel Info: Redefining russian shorthand "~
(babel)             in language  on input line 260.
 [48pdfTeX warning (ext4): destination with the same identifier (name{figure.21
}) has been already used, duplicate ignored

\AtBegShi@Output ...ipout \box \AtBeginShipoutBox 
                                                  \fi \fi 
l.260 \end{document}
                     <./figs/iso_p.png

pdfTeX warning: /usr/bin/pdflatex (file ./figs/iso_p.png): large interlaced PNG
 might cause out of memory (use non-interlaced PNG to fix this)
> <./figs/str.png>]
Package atveryend Info: Empty hook `AfterLastShipout' on input line 260.
 (./preprint_poro_Trimonova.aux)
Package atveryend Info: Executing hook `AtVeryEndDocument' on input line 260.
Package atveryend Info: Executing hook `AtEndAfterFileList' on input line 260.
Package rerunfilecheck Info: File `preprint_poro_Trimonova.out' has not changed
.
(rerunfilecheck)             Checksum: 8D3816B5B589CB8F7A39E19EB89D520A;7907.


LaTeX Warning: Label(s) may have changed. Rerun to get cross-references right.

Package atveryend Info: Empty hook `AtVeryVeryEnd' on input line 260.
 ) 
Here is how much of TeX's memory you used:
 12184 strings out of 494440
 166079 string characters out of 6173199
 264883 words of memory out of 5000000
 15054 multiletter control sequences out of 15000+600000
 15462 words of font info for 41 fonts, out of 8000000 for 9000
 430 hyphenation exceptions out of 8191
 34i,14n,32p,2747b,515s stack positions out of 5000i,500n,10000p,200000b,80000s
{/usr/share/texmf/fonts/enc/dvips/cm-super/cm-super-t2a.enc}</usr/share/texli
ve/texmf-dist/fonts/type1/public/amsfonts/cm/cmbx10.pfb></usr/share/texlive/tex
mf-dist/fonts/type1/public/amsfonts/cm/cmbx12.pfb></usr/share/texlive/texmf-dis
t/fonts/type1/public/amsfonts/cm/cmex10.pfb></usr/share/texlive/texmf-dist/font
s/type1/public/amsfonts/cm/cmmi10.pfb></usr/share/texlive/texmf-dist/fonts/type
1/public/amsfonts/cm/cmmi12.pfb></usr/share/texlive/texmf-dist/fonts/type1/publ
ic/amsfonts/cm/cmr10.pfb></usr/share/texlive/texmf-dist/fonts/type1/public/amsf
onts/cm/cmr12.pfb></usr/share/texlive/texmf-dist/fonts/type1/public/amsfonts/cm
/cmr7.pfb></usr/share/texlive/texmf-dist/fonts/type1/public/amsfonts/cm/cmsy10.
pfb></usr/share/texlive/texmf-dist/fonts/type1/public/amsfonts/cm/cmsy7.pfb></u
sr/share/texlive/texmf-dist/fonts/type1/public/amsfonts/symbols/msbm10.pfb></us
r/share/texmf/fonts/type1/public/cm-super/sfbx1440.pfb></usr/share/texmf/fonts/
type1/public/cm-super/sfbx1728.pfb></usr/share/texmf/fonts/type1/public/cm-supe
r/sfbx2074.pfb></usr/share/texmf/fonts/type1/public/cm-super/sfrm0700.pfb></usr
/share/texmf/fonts/type1/public/cm-super/sfrm1000.pfb></usr/share/texmf/fonts/t
ype1/public/cm-super/sfrm1440.pfb></usr/share/texmf/fonts/type1/public/cm-super
/sfrm1728.pfb></usr/share/texmf/fonts/type1/public/cm-super/sfrm2074.pfb></usr/
share/texmf/fonts/type1/public/cm-super/sfti1440.pfb>
Output written on preprint_poro_Trimonova.pdf (48 pages, 7632539 bytes).
PDF statistics:
 708 PDF objects out of 1000 (max. 8388607)
 591 compressed objects within 6 object streams
 172 named destinations out of 1000 (max. 500000)
 401 words of extra memory for PDF output out of 10000 (max. 10000000)

