\BOOKMARK [1][-]{section.1}{\376\377\004\022\004\062\004\065\004\064\004\065\004\075\004\070\004\065}{}% 1
\BOOKMARK [1][-]{section.2}{\376\377\004\034\004\060\004\102\004\065\004\074\004\060\004\102\004\070\004\107\004\065\004\101\004\072\004\060\004\117\000\040\004\074\004\076\004\064\004\065\004\073\004\114}{}% 2
\BOOKMARK [2][-]{subsection.2.1}{\376\377\004\022\004\074\004\065\004\111\004\060\004\116\004\111\004\060\004\117\000\040\004\101\004\100\004\065\004\064\004\060}{section.2}% 3
\BOOKMARK [2][-]{subsection.2.2}{\376\377\004\043\004\100\004\060\004\062\004\075\004\065\004\075\004\070\004\117\000\040\004\102\004\065\004\107\004\065\004\075\004\070\004\117\000\040\004\066\004\070\004\064\004\072\004\076\004\101\004\102\004\070\000\040\004\062\004\076\000\040\004\062\004\074\004\065\004\111\004\060\004\116\004\111\004\065\004\071\000\040\004\101\004\100\004\065\004\064\004\065\000\040}{section.2}% 4
\BOOKMARK [3][-]{subsubsection.2.2.1}{\376\377\004\023\004\065\004\076\004\074\004\065\004\102\004\100\004\070\004\107\004\065\004\101\004\072\004\070\004\065\000\040\004\101\004\076\004\076\004\102\004\075\004\076\004\110\004\065\004\075\004\070\004\117}{subsection.2.2}% 5
\BOOKMARK [3][-]{subsubsection.2.2.2}{\376\377\004\036\004\077\004\100\004\065\004\064\004\065\004\073\004\117\004\116\004\111\004\070\004\065\000\040\004\101\004\076\004\076\004\102\004\075\004\076\004\110\004\065\004\075\004\070\004\117\000\040\004\064\004\073\004\117\000\040\004\104\004\073\004\116\004\070\004\064\004\060}{subsection.2.2}% 6
\BOOKMARK [3][-]{subsubsection.2.2.3}{\376\377\004\036\004\077\004\100\004\065\004\064\004\065\004\073\004\117\004\116\004\111\004\070\004\065\000\040\004\101\004\076\004\076\004\102\004\075\004\076\004\110\004\065\004\075\004\070\004\117\000\040\004\064\004\073\004\117\000\040\004\075\004\060\004\101\004\113\004\111\004\065\004\075\004\075\004\076\004\071\000\040\004\101\004\100\004\065\004\064\004\113}{subsection.2.2}% 7
\BOOKMARK [3][-]{subsubsection.2.2.4}{\376\377\004\036\004\101\004\075\004\076\004\062\004\075\004\113\004\065\000\040\004\103\004\100\004\060\004\062\004\075\004\065\004\075\004\070\004\117\000.\000\040\004\027\004\060\004\072\004\076\004\075\000\040\004\101\004\076\004\105\004\100\004\060\004\075\004\065\004\075\004\070\004\117\000\040\004\074\004\060\004\101\004\101\004\113\000\040\004\104\004\073\004\116\004\070\004\064\004\060}{subsection.2.2}% 8
\BOOKMARK [2][-]{subsection.2.3}{\376\377\004\027\004\060\004\072\004\076\004\075\000\040\004\101\004\076\004\105\004\100\004\060\004\075\004\065\004\075\004\070\004\117\000\040\004\115\004\075\004\065\004\100\004\063\004\070\004\070}{section.2}% 9
\BOOKMARK [2][-]{subsection.2.4}{\376\377\004\043\004\077\004\100\004\076\004\111\004\065\004\075\004\075\004\060\004\117\000\040\004\074\004\060\004\102\004\065\004\074\004\060\004\102\004\070\004\107\004\065\004\101\004\072\004\060\004\117\000\040\004\074\004\076\004\064\004\065\004\073\004\114}{section.2}% 10
\BOOKMARK [1][-]{section.3}{\376\377\004\034\004\065\004\102\004\076\004\064\004\113\000\040\004\100\004\065\004\110\004\065\004\075\004\070\004\117}{}% 11
\BOOKMARK [2][-]{subsection.3.1}{\376\377\004\041\004\073\004\060\004\061\004\060\004\117\000\040\004\077\004\076\004\101\004\102\004\060\004\075\004\076\004\062\004\072\004\060\000\040\004\067\004\060\004\064\004\060\004\107\004\070}{section.3}% 12
\BOOKMARK [2][-]{subsection.3.2}{\376\377\004\032\004\076\004\075\004\065\004\107\004\075\004\076\004\074\004\065\004\100\004\075\004\113\004\065\000\040\004\060\004\077\004\077\004\100\004\076\004\072\004\101\004\070\004\074\004\060\004\106\004\070\004\070}{section.3}% 13
\BOOKMARK [1][-]{section.4}{\376\377\004\040\004\065\004\067\004\103\004\073\004\114\004\102\004\060\004\102\004\113\000\040\004\100\004\060\004\101\004\107\004\065\004\102\004\076\004\062}{}% 14
\BOOKMARK [2][-]{subsection.4.1}{\376\377\004\027\004\060\004\064\004\060\004\107\004\060\000\040\004\076\000\040\004\074\004\063\004\075\004\076\004\062\004\065\004\075\004\075\004\076\004\074\000\040\004\102\004\076\004\107\004\065\004\107\004\075\004\076\004\074\000\040\004\070\004\101\004\102\004\076\004\107\004\075\004\070\004\072\004\065}{section.4}% 15
\BOOKMARK [2][-]{subsection.4.2}{\376\377\004\027\004\060\004\064\004\060\004\107\004\060\000\040\004\076\000\040\004\074\004\063\004\075\004\076\004\062\004\065\004\075\004\075\004\076\004\074\000\040\004\073\004\070\004\075\004\065\004\071\004\075\004\076\004\074\000\040\004\070\004\101\004\102\004\076\004\107\004\075\004\070\004\072\004\065}{section.4}% 16
\BOOKMARK [2][-]{subsection.4.3}{\376\377\004\027\004\060\004\064\004\060\004\107\004\060\000\040\004\076\000\040\004\077\004\076\004\101\004\102\004\076\004\117\004\075\004\075\004\076\004\074\000\040\004\073\004\070\004\075\004\065\004\071\004\075\004\076\004\074\000\040\004\070\004\101\004\102\004\076\004\107\004\075\004\070\004\072\004\065}{section.4}% 17
\BOOKMARK [2][-]{subsection.4.4}{\376\377\004\027\004\060\004\064\004\060\004\107\004\060\000\040\004\072\004\076\004\075\004\101\004\076\004\073\004\070\004\064\004\060\004\106\004\070\004\070\000\040\004\042\004\065\004\100\004\106\004\060\004\063\004\070}{section.4}% 18
\BOOKMARK [2][-]{subsection.4.5}{\376\377\004\027\004\060\004\064\004\060\004\107\004\060\000\040\004\034\004\060\004\075\004\064\004\065\004\073\004\117}{section.4}% 19
\BOOKMARK [2][-]{subsection.4.6}{\376\377\004\037\004\076\004\100\004\076\004\103\004\077\004\100\004\103\004\063\004\070\004\071\000\040\004\077\004\073\004\060\004\101\004\102\000\040\004\077\004\100\004\070\000\040\004\075\004\060\004\073\004\070\004\107\004\070\004\070\000\040\004\101\004\072\004\062\004\060\004\066\004\070\004\075}{section.4}% 20
\BOOKMARK [1][-]{section.5}{\376\377\004\027\004\060\004\072\004\073\004\116\004\107\004\065\004\075\004\070\004\065}{}% 21
\BOOKMARK [1][-]{section*.2}{\376\377\004\033\004\070\004\102\004\065\004\100\004\060\004\102\004\103\004\100\004\060}{}% 22
